{"C:\\Users\\NACHO\\Downloads\\rdam-backend\\src\\app.module.ts": {"path":"C:\\Users\\NACHO\\Downloads\\rdam-backend\\src\\app.module.ts","statementMap":{"0":{"start":{"line":1,"column":0},"end":{"line":1,"column":40}},"1":{"start":{"line":2,"column":0},"end":{"line":2,"column":46}},"2":{"start":{"line":3,"column":0},"end":{"line":3,"column":52}},"3":{"start":{"line":4,"column":0},"end":{"line":4,"column":50}},"4":{"start":{"line":5,"column":0},"end":{"line":5,"column":54}},"5":{"start":{"line":6,"column":0},"end":{"line":6,"column":48}},"6":{"start":{"line":7,"column":0},"end":{"line":7,"column":69}},"7":{"start":{"line":8,"column":0},"end":{"line":8,"column":60}},"8":{"start":{"line":9,"column":0},"end":{"line":9,"column":51}},"9":{"start":{"line":10,"column":0},"end":{"line":10,"column":57}},"10":{"start":{"line":11,"column":0},"end":{"line":11,"column":72}},"11":{"start":{"line":12,"column":0},"end":{"line":12,"column":60}},"12":{"start":{"line":13,"column":0},"end":{"line":13,"column":48}},"13":{"start":{"line":14,"column":0},"end":{"line":14,"column":51}},"14":{"start":{"line":50,"column":7},"end":{"line":50,"column":null}},"15":{"start":{"line":50,"column":13},"end":{"line":50,"column":22}},"16":{"start":{"line":50,"column":13},"end":{"line":50,"column":null}}},"fnMap":{},"branchMap":{},"s":{"0":0,"1":0,"2":0,"3":0,"4":0,"5":0,"6":0,"7":0,"8":0,"9":0,"10":0,"11":0,"12":0,"13":0,"14":0,"15":0,"16":0},"f":{},"b":{}}
,"C:\\Users\\NACHO\\Downloads\\rdam-backend\\src\\main.ts": {"path":"C:\\Users\\NACHO\\Downloads\\rdam-backend\\src\\main.ts","statementMap":{"0":{"start":{"line":1,"column":0},"end":{"line":1,"column":43}},"1":{"start":{"line":2,"column":0},"end":{"line":2,"column":48}},"2":{"start":{"line":3,"column":0},"end":{"line":3,"column":65}},"3":{"start":{"line":4,"column":0},"end":{"line":4,"column":47}},"4":{"start":{"line":5,"column":0},"end":{"line":5,"column":28}},"5":{"start":{"line":6,"column":0},"end":{"line":6,"column":41}},"6":{"start":{"line":7,"column":0},"end":{"line":7,"column":77}},"7":{"start":{"line":8,"column":0},"end":{"line":8,"column":83}},"8":{"start":{"line":11,"column":14},"end":{"line":11,"column":49}},"9":{"start":{"line":13,"column":24},"end":{"line":13,"column":46}},"10":{"start":{"line":14,"column":15},"end":{"line":14,"column":54}},"11":{"start":{"line":15,"column":22},"end":{"line":15,"column":88}},"12":{"start":{"line":18,"column":2},"end":{"line":18,"column":20}},"13":{"start":{"line":19,"column":2},"end":{"line":24,"column":5}},"14":{"start":{"line":27,"column":2},"end":{"line":34,"column":4}},"15":{"start":{"line":37,"column":2},"end":{"line":37,"column":50}},"16":{"start":{"line":38,"column":2},"end":{"line":38,"column":56}},"17":{"start":{"line":40,"column":2},"end":{"line":40,"column":29}},"18":{"start":{"line":43,"column":2},"end":{"line":61,"column":3}},"19":{"start":{"line":44,"column":26},"end":{"line":56,"column":14}},"20":{"start":{"line":58,"column":21},"end":{"line":58,"column":69}},"21":{"start":{"line":59,"column":4},"end":{"line":59,"column":51}},"22":{"start":{"line":60,"column":4},"end":{"line":60,"column":65}},"23":{"start":{"line":63,"column":2},"end":{"line":63,"column":25}},"24":{"start":{"line":64,"column":2},"end":{"line":64,"column":76}},"25":{"start":{"line":67,"column":0},"end":{"line":67,"column":12}}},"fnMap":{"0":{"name":"bootstrap","decl":{"start":{"line":10,"column":15},"end":{"line":10,"column":24}},"loc":{"start":{"line":10,"column":24},"end":{"line":65,"column":1}}}},"branchMap":{"0":{"loc":{"start":{"line":43,"column":2},"end":{"line":61,"column":3}},"type":"if","locations":[{"start":{"line":43,"column":2},"end":{"line":61,"column":3}}]}},"s":{"0":0,"1":0,"2":0,"3":0,"4":0,"5":0,"6":0,"7":0,"8":0,"9":0,"10":0,"11":0,"12":0,"13":0,"14":0,"15":0,"16":0,"17":0,"18":0,"19":0,"20":0,"21":0,"22":0,"23":0,"24":0,"25":0},"f":{"0":0},"b":{"0":[0]}}
,"C:\\Users\\NACHO\\Downloads\\rdam-backend\\src\\adjuntos\\adjuntos.module.ts": {"path":"C:\\Users\\NACHO\\Downloads\\rdam-backend\\src\\adjuntos\\adjuntos.module.ts","statementMap":{"0":{"start":{"line":1,"column":0},"end":{"line":1,"column":null}},"1":{"start":{"line":5,"column":0},"end":{"line":5,"column":59}},"2":{"start":{"line":6,"column":0},"end":{"line":6,"column":84}},"3":{"start":{"line":7,"column":0},"end":{"line":7,"column":44}},"4":{"start":{"line":8,"column":0},"end":{"line":8,"column":57}},"5":{"start":{"line":9,"column":0},"end":{"line":9,"column":59}},"6":{"start":{"line":10,"column":0},"end":{"line":10,"column":61}},"7":{"start":{"line":11,"column":0},"end":{"line":11,"column":66}},"8":{"start":{"line":12,"column":0},"end":{"line":12,"column":33}},"9":{"start":{"line":13,"column":0},"end":{"line":13,"column":47}},"10":{"start":{"line":16,"column":24},"end":{"line":16,"column":70}},"11":{"start":{"line":17,"column":25},"end":{"line":17,"column":40}},"12":{"start":{"line":20,"column":28},"end":{"line":89,"column":null}},"13":{"start":{"line":24,"column":21},"end":{"line":24,"column":29}},"14":{"start":{"line":25,"column":21},"end":{"line":25,"column":30}},"15":{"start":{"line":21,"column":19},"end":{"line":21,"column":61}},"16":{"start":{"line":30,"column":21},"end":{"line":30,"column":58}},"17":{"start":{"line":31,"column":4},"end":{"line":36,"column":5}},"18":{"start":{"line":32,"column":6},"end":{"line":35,"column":9}},"19":{"start":{"line":39,"column":4},"end":{"line":44,"column":5}},"20":{"start":{"line":40,"column":6},"end":{"line":43,"column":9}},"21":{"start":{"line":47,"column":21},"end":{"line":47,"column":40}},"22":{"start":{"line":48,"column":21},"end":{"line":48,"column":33}},"23":{"start":{"line":49,"column":21},"end":{"line":49,"column":37}},"24":{"start":{"line":52,"column":31},"end":{"line":55,"column":null}},"25":{"start":{"line":59,"column":20},"end":{"line":69,"column":6}},"26":{"start":{"line":71,"column":4},"end":{"line":71,"column":72}},"27":{"start":{"line":72,"column":4},"end":{"line":72,"column":19}},"28":{"start":{"line":76,"column":20},"end":{"line":76,"column":75}},"29":{"start":{"line":77,"column":4},"end":{"line":77,"column":73}},"30":{"start":{"line":77,"column":18},"end":{"line":77,"column":73}},"31":{"start":{"line":78,"column":4},"end":{"line":83,"column":5}},"32":{"start":{"line":79,"column":6},"end":{"line":82,"column":9}},"33":{"start":{"line":85,"column":4},"end":{"line":85,"column":67}},"34":{"start":{"line":86,"column":4},"end":{"line":86,"column":56}},"35":{"start":{"line":87,"column":4},"end":{"line":87,"column":31}},"36":{"start":{"line":20,"column":13},"end":{"line":20,"column":28}},"37":{"start":{"line":20,"column":13},"end":{"line":89,"column":null}},"38":{"start":{"line":93,"column":7},"end":{"line":123,"column":null}},"39":{"start":{"line":94,"column":31},"end":{"line":94,"column":40}},"40":{"start":{"line":109,"column":4},"end":{"line":109,"column":77}},"41":{"start":{"line":109,"column":15},"end":{"line":109,"column":77}},"42":{"start":{"line":112,"column":20},"end":{"line":112,"column":59}},"43":{"start":{"line":113,"column":4},"end":{"line":113,"column":101}},"44":{"start":{"line":121,"column":4},"end":{"line":121,"column":53}},"45":{"start":{"line":93,"column":13},"end":{"line":93,"column":31}},"46":{"start":{"line":105,"column":8},"end":{"line":114,"column":null}},"47":{"start":{"line":120,"column":8},"end":{"line":122,"column":null}},"48":{"start":{"line":93,"column":13},"end":{"line":123,"column":null}},"49":{"start":{"line":130,"column":7},"end":{"line":130,"column":null}},"50":{"start":{"line":130,"column":13},"end":{"line":130,"column":27}},"51":{"start":{"line":130,"column":13},"end":{"line":130,"column":null}}},"fnMap":{"0":{"name":"(anonymous_4)","decl":{"start":{"line":23,"column":2},"end":{"line":23,"column":null}},"loc":{"start":{"line":25,"column":44},"end":{"line":26,"column":6}}},"1":{"name":"(anonymous_5)","decl":{"start":{"line":28,"column":2},"end":{"line":28,"column":7}},"loc":{"start":{"line":28,"column":59},"end":{"line":73,"column":3}}},"2":{"name":"(anonymous_6)","decl":{"start":{"line":75,"column":2},"end":{"line":75,"column":7}},"loc":{"start":{"line":75,"column":27},"end":{"line":88,"column":3}}},"3":{"name":"(anonymous_7)","decl":{"start":{"line":94,"column":2},"end":{"line":94,"column":31}},"loc":{"start":{"line":94,"column":55},"end":{"line":94,"column":59}}},"4":{"name":"(anonymous_8)","decl":{"start":{"line":105,"column":2},"end":{"line":105,"column":7}},"loc":{"start":{"line":107,"column":29},"end":{"line":114,"column":3}}},"5":{"name":"(anonymous_9)","decl":{"start":{"line":120,"column":2},"end":{"line":120,"column":7}},"loc":{"start":{"line":120,"column":54},"end":{"line":122,"column":3}}}},"branchMap":{"0":{"loc":{"start":{"line":31,"column":4},"end":{"line":36,"column":5}},"type":"if","locations":[{"start":{"line":31,"column":4},"end":{"line":36,"column":5}}]},"1":{"loc":{"start":{"line":31,"column":8},"end":{"line":31,"column":61}},"type":"binary-expr","locations":[{"start":{"line":31,"column":8},"end":{"line":31,"column":17}},{"start":{"line":31,"column":21},"end":{"line":31,"column":61}}]},"2":{"loc":{"start":{"line":34,"column":88},"end":{"line":34,"column":119}},"type":"binary-expr","locations":[{"start":{"line":34,"column":88},"end":{"line":34,"column":102}},{"start":{"line":34,"column":106},"end":{"line":34,"column":119}}]},"3":{"loc":{"start":{"line":39,"column":4},"end":{"line":44,"column":5}},"type":"if","locations":[{"start":{"line":39,"column":4},"end":{"line":44,"column":5}}]},"4":{"loc":{"start":{"line":77,"column":4},"end":{"line":77,"column":73}},"type":"if","locations":[{"start":{"line":77,"column":4},"end":{"line":77,"column":73}}]},"5":{"loc":{"start":{"line":78,"column":4},"end":{"line":83,"column":5}},"type":"if","locations":[{"start":{"line":78,"column":4},"end":{"line":83,"column":5}}]},"6":{"loc":{"start":{"line":109,"column":4},"end":{"line":109,"column":77}},"type":"if","locations":[{"start":{"line":109,"column":4},"end":{"line":109,"column":77}}]}},"s":{"0":0,"1":0,"2":0,"3":0,"4":0,"5":0,"6":0,"7":0,"8":0,"9":0,"10":0,"11":0,"12":0,"13":0,"14":0,"15":0,"16":0,"17":0,"18":0,"19":0,"20":0,"21":0,"22":0,"23":0,"24":0,"25":0,"26":0,"27":0,"28":0,"29":0,"30":0,"31":0,"32":0,"33":0,"34":0,"35":0,"36":0,"37":0,"38":0,"39":0,"40":0,"41":0,"42":0,"43":0,"44":0,"45":0,"46":0,"47":0,"48":0,"49":0,"50":0,"51":0},"f":{"0":0,"1":0,"2":0,"3":0,"4":0,"5":0},"b":{"0":[0],"1":[0,0],"2":[0,0],"3":[0],"4":[0],"5":[0],"6":[0]}}
,"C:\\Users\\NACHO\\Downloads\\rdam-backend\\src\\auth\\auth.controller.ts": {"path":"C:\\Users\\NACHO\\Downloads\\rdam-backend\\src\\auth\\auth.controller.ts","statementMap":{"0":{"start":{"line":1,"column":0},"end":{"line":1,"column":null}},"1":{"start":{"line":4,"column":0},"end":{"line":4,"column":69}},"2":{"start":{"line":6,"column":0},"end":{"line":6,"column":45}},"3":{"start":{"line":7,"column":0},"end":{"line":7,"column":45}},"4":{"start":{"line":8,"column":0},"end":{"line":8,"column":53}},"5":{"start":{"line":9,"column":0},"end":{"line":9,"column":66}},"6":{"start":{"line":10,"column":0},"end":{"line":10,"column":null}},"7":{"start":{"line":16,"column":7},"end":{"line":104,"column":null}},"8":{"start":{"line":17,"column":31},"end":{"line":17,"column":44}},"9":{"start":{"line":27,"column":4},"end":{"line":27,"column":51}},"10":{"start":{"line":28,"column":4},"end":{"line":28,"column":71}},"11":{"start":{"line":39,"column":19},"end":{"line":39,"column":77}},"12":{"start":{"line":40,"column":4},"end":{"line":40,"column":53}},"13":{"start":{"line":41,"column":4},"end":{"line":44,"column":6}},"14":{"start":{"line":57,"column":19},"end":{"line":57,"column":79}},"15":{"start":{"line":58,"column":4},"end":{"line":58,"column":53}},"16":{"start":{"line":59,"column":4},"end":{"line":66,"column":6}},"17":{"start":{"line":79,"column":19},"end":{"line":79,"column":63}},"18":{"start":{"line":80,"column":4},"end":{"line":80,"column":59}},"19":{"start":{"line":89,"column":4},"end":{"line":89,"column":37}},"20":{"start":{"line":90,"column":4},"end":{"line":90,"column":53}},"21":{"start":{"line":96,"column":4},"end":{"line":102,"column":7}},"22":{"start":{"line":16,"column":13},"end":{"line":16,"column":27}},"23":{"start":{"line":26,"column":8},"end":{"line":29,"column":null}},"24":{"start":{"line":35,"column":8},"end":{"line":45,"column":null}},"25":{"start":{"line":53,"column":8},"end":{"line":67,"column":null}},"26":{"start":{"line":75,"column":8},"end":{"line":81,"column":null}},"27":{"start":{"line":88,"column":8},"end":{"line":91,"column":null}},"28":{"start":{"line":16,"column":13},"end":{"line":104,"column":null}}},"fnMap":{"0":{"name":"(anonymous_4)","decl":{"start":{"line":17,"column":2},"end":{"line":17,"column":31}},"loc":{"start":{"line":17,"column":55},"end":{"line":17,"column":59}}},"1":{"name":"(anonymous_5)","decl":{"start":{"line":26,"column":2},"end":{"line":26,"column":7}},"loc":{"start":{"line":26,"column":49},"end":{"line":29,"column":3}}},"2":{"name":"(anonymous_6)","decl":{"start":{"line":35,"column":2},"end":{"line":35,"column":7}},"loc":{"start":{"line":37,"column":45},"end":{"line":45,"column":3}}},"3":{"name":"(anonymous_7)","decl":{"start":{"line":53,"column":2},"end":{"line":53,"column":7}},"loc":{"start":{"line":55,"column":45},"end":{"line":67,"column":3}}},"4":{"name":"(anonymous_8)","decl":{"start":{"line":75,"column":2},"end":{"line":75,"column":7}},"loc":{"start":{"line":77,"column":45},"end":{"line":81,"column":3}}},"5":{"name":"(anonymous_9)","decl":{"start":{"line":88,"column":2},"end":{"line":88,"column":7}},"loc":{"start":{"line":88,"column":56},"end":{"line":91,"column":3}}},"6":{"name":"(anonymous_10)","decl":{"start":{"line":95,"column":10},"end":{"line":95,"column":26}},"loc":{"start":{"line":95,"column":55},"end":{"line":103,"column":3}}}},"branchMap":{},"s":{"0":0,"1":0,"2":0,"3":0,"4":0,"5":0,"6":0,"7":0,"8":0,"9":0,"10":0,"11":0,"12":0,"13":0,"14":0,"15":0,"16":0,"17":0,"18":0,"19":0,"20":0,"21":0,"22":0,"23":0,"24":0,"25":0,"26":0,"27":0,"28":0},"f":{"0":0,"1":0,"2":0,"3":0,"4":0,"5":0,"6":0},"b":{}}
,"C:\\Users\\NACHO\\Downloads\\rdam-backend\\src\\auth\\auth.module.ts": {"path":"C:\\Users\\NACHO\\Downloads\\rdam-backend\\src\\auth\\auth.module.ts","statementMap":{"0":{"start":{"line":1,"column":0},"end":{"line":1,"column":40}},"1":{"start":{"line":2,"column":0},"end":{"line":2,"column":40}},"2":{"start":{"line":3,"column":0},"end":{"line":3,"column":50}},"3":{"start":{"line":4,"column":0},"end":{"line":4,"column":45}},"4":{"start":{"line":5,"column":0},"end":{"line":5,"column":51}},"5":{"start":{"line":6,"column":0},"end":{"line":6,"column":105}},"6":{"start":{"line":7,"column":0},"end":{"line":7,"column":101}},"7":{"start":{"line":8,"column":0},"end":{"line":8,"column":55}},"8":{"start":{"line":35,"column":7},"end":{"line":35,"column":null}},"9":{"start":{"line":35,"column":13},"end":{"line":35,"column":23}},"10":{"start":{"line":35,"column":13},"end":{"line":35,"column":null}}},"fnMap":{},"branchMap":{},"s":{"0":0,"1":0,"2":0,"3":0,"4":0,"5":0,"6":0,"7":0,"8":0,"9":0,"10":0},"f":{},"b":{}}
,"C:\\Users\\NACHO\\Downloads\\rdam-backend\\src\\auth\\auth.service.ts": {"path":"C:\\Users\\NACHO\\Downloads\\rdam-backend\\src\\auth\\auth.service.ts","statementMap":{"0":{"start":{"line":1,"column":0},"end":{"line":1,"column":null}},"1":{"start":{"line":8,"column":0},"end":{"line":8,"column":41}},"2":{"start":{"line":9,"column":0},"end":{"line":9,"column":47}},"3":{"start":{"line":10,"column":0},"end":{"line":10,"column":57}},"4":{"start":{"line":11,"column":0},"end":{"line":11,"column":55}},"5":{"start":{"line":12,"column":0},"end":{"line":12,"column":33}},"6":{"start":{"line":16,"column":24},"end":{"line":155,"column":null}},"7":{"start":{"line":20,"column":21},"end":{"line":20,"column":29}},"8":{"start":{"line":21,"column":21},"end":{"line":21,"column":33}},"9":{"start":{"line":22,"column":21},"end":{"line":22,"column":29}},"10":{"start":{"line":23,"column":21},"end":{"line":23,"column":28}},"11":{"start":{"line":17,"column":19},"end":{"line":17,"column":57}},"12":{"start":{"line":30,"column":4},"end":{"line":32,"column":7}},"13":{"start":{"line":34,"column":19},"end":{"line":34,"column":70}},"14":{"start":{"line":35,"column":21},"end":{"line":35,"column":104}},"15":{"start":{"line":37,"column":4},"end":{"line":39,"column":7}},"16":{"start":{"line":41,"column":4},"end":{"line":41,"column":53}},"17":{"start":{"line":42,"column":4},"end":{"line":42,"column":77}},"18":{"start":{"line":49,"column":16},"end":{"line":56,"column":6}},"19":{"start":{"line":58,"column":4},"end":{"line":60,"column":5}},"20":{"start":{"line":59,"column":6},"end":{"line":59,"column":68}},"21":{"start":{"line":62,"column":24},"end":{"line":62,"column":70}},"22":{"start":{"line":63,"column":4},"end":{"line":65,"column":5}},"23":{"start":{"line":64,"column":6},"end":{"line":64,"column":79}},"24":{"start":{"line":67,"column":4},"end":{"line":74,"column":5}},"25":{"start":{"line":68,"column":6},"end":{"line":71,"column":9}},"26":{"start":{"line":72,"column":24},"end":{"line":72,"column":54}},"27":{"start":{"line":73,"column":6},"end":{"line":73,"column":94}},"28":{"start":{"line":77,"column":4},"end":{"line":80,"column":7}},"29":{"start":{"line":82,"column":4},"end":{"line":82,"column":55}},"30":{"start":{"line":86,"column":20},"end":{"line":86,"column":60}},"31":{"start":{"line":88,"column":25},"end":{"line":91,"column":6}},"32":{"start":{"line":93,"column":26},"end":{"line":96,"column":6}},"33":{"start":{"line":98,"column":4},"end":{"line":98,"column":43}},"34":{"start":{"line":107,"column":17},"end":{"line":109,"column":6}},"35":{"start":{"line":111,"column":4},"end":{"line":111,"column":73}},"36":{"start":{"line":111,"column":15},"end":{"line":111,"column":73}},"37":{"start":{"line":113,"column":23},"end":{"line":113,"column":72}},"38":{"start":{"line":114,"column":4},"end":{"line":114,"column":79}},"39":{"start":{"line":114,"column":21},"end":{"line":114,"column":79}},"40":{"start":{"line":117,"column":4},"end":{"line":120,"column":7}},"41":{"start":{"line":122,"column":20},"end":{"line":122,"column":87}},"42":{"start":{"line":124,"column":25},"end":{"line":127,"column":6}},"43":{"start":{"line":129,"column":26},"end":{"line":132,"column":6}},"44":{"start":{"line":134,"column":4},"end":{"line":134,"column":79}},"45":{"start":{"line":140,"column":19},"end":{"line":142,"column":37}},"46":{"start":{"line":144,"column":19},"end":{"line":146,"column":51}},"47":{"start":{"line":148,"column":25},"end":{"line":150,"column":null}},"48":{"start":{"line":153,"column":4},"end":{"line":153,"column":28}},"49":{"start":{"line":16,"column":13},"end":{"line":16,"column":24}},"50":{"start":{"line":16,"column":13},"end":{"line":155,"column":null}}},"fnMap":{"0":{"name":"(anonymous_2)","decl":{"start":{"line":19,"column":2},"end":{"line":19,"column":null}},"loc":{"start":{"line":23,"column":40},"end":{"line":24,"column":6}}},"1":{"name":"(anonymous_3)","decl":{"start":{"line":28,"column":2},"end":{"line":28,"column":7}},"loc":{"start":{"line":28,"column":43},"end":{"line":43,"column":3}}},"2":{"name":"(anonymous_4)","decl":{"start":{"line":45,"column":2},"end":{"line":45,"column":7}},"loc":{"start":{"line":47,"column":18},"end":{"line":83,"column":3}}},"3":{"name":"(anonymous_5)","decl":{"start":{"line":85,"column":10},"end":{"line":85,"column":32}},"loc":{"start":{"line":85,"column":46},"end":{"line":99,"column":3}}},"4":{"name":"(anonymous_6)","decl":{"start":{"line":103,"column":2},"end":{"line":103,"column":7}},"loc":{"start":{"line":105,"column":20},"end":{"line":135,"column":3}}},"5":{"name":"(anonymous_7)","decl":{"start":{"line":139,"column":2},"end":{"line":139,"column":7}},"loc":{"start":{"line":139,"column":33},"end":{"line":154,"column":3}}}},"branchMap":{"0":{"loc":{"start":{"line":58,"column":4},"end":{"line":60,"column":5}},"type":"if","locations":[{"start":{"line":58,"column":4},"end":{"line":60,"column":5}}]},"1":{"loc":{"start":{"line":63,"column":4},"end":{"line":65,"column":5}},"type":"if","locations":[{"start":{"line":63,"column":4},"end":{"line":65,"column":5}}]},"2":{"loc":{"start":{"line":67,"column":4},"end":{"line":74,"column":5}},"type":"if","locations":[{"start":{"line":67,"column":4},"end":{"line":74,"column":5}}]},"3":{"loc":{"start":{"line":111,"column":4},"end":{"line":111,"column":73}},"type":"if","locations":[{"start":{"line":111,"column":4},"end":{"line":111,"column":73}}]},"4":{"loc":{"start":{"line":114,"column":4},"end":{"line":114,"column":79}},"type":"if","locations":[{"start":{"line":114,"column":4},"end":{"line":114,"column":79}}]},"5":{"loc":{"start":{"line":140,"column":19},"end":{"line":142,"column":37}},"type":"cond-expr","locations":[{"start":{"line":141,"column":8},"end":{"line":141,"column":37}},{"start":{"line":142,"column":8},"end":{"line":142,"column":37}}]},"6":{"loc":{"start":{"line":144,"column":19},"end":{"line":146,"column":51}},"type":"cond-expr","locations":[{"start":{"line":145,"column":8},"end":{"line":145,"column":52}},{"start":{"line":146,"column":8},"end":{"line":146,"column":51}}]}},"s":{"0":0,"1":0,"2":0,"3":0,"4":0,"5":0,"6":0,"7":0,"8":0,"9":0,"10":0,"11":0,"12":0,"13":0,"14":0,"15":0,"16":0,"17":0,"18":0,"19":0,"20":0,"21":0,"22":0,"23":0,"24":0,"25":0,"26":0,"27":0,"28":0,"29":0,"30":0,"31":0,"32":0,"33":0,"34":0,"35":0,"36":0,"37":0,"38":0,"39":0,"40":0,"41":0,"42":0,"43":0,"44":0,"45":0,"46":0,"47":0,"48":0,"49":0,"50":0},"f":{"0":0,"1":0,"2":0,"3":0,"4":0,"5":0},"b":{"0":[0],"1":[0],"2":[0],"3":[0],"4":[0],"5":[0,0],"6":[0,0]}}
,"C:\\Users\\NACHO\\Downloads\\rdam-backend\\src\\auth\\dto\\auth.dto.ts": {"path":"C:\\Users\\NACHO\\Downloads\\rdam-backend\\src\\auth\\dto\\auth.dto.ts","statementMap":{"0":{"start":{"line":1,"column":0},"end":{"line":1,"column":69}},"1":{"start":{"line":2,"column":0},"end":{"line":2,"column":46}},"2":{"start":{"line":4,"column":0},"end":{"line":4,"column":13}},"3":{"start":{"line":7,"column":2},"end":{"line":7,"column":null}},"4":{"start":{"line":10,"column":0},"end":{"line":10,"column":13}},"5":{"start":{"line":13,"column":2},"end":{"line":13,"column":null}},"6":{"start":{"line":19,"column":2},"end":{"line":19,"column":null}},"7":{"start":{"line":22,"column":0},"end":{"line":22,"column":13}},"8":{"start":{"line":25,"column":2},"end":{"line":25,"column":null}},"9":{"start":{"line":30,"column":2},"end":{"line":30,"column":null}}},"fnMap":{},"branchMap":{},"s":{"0":0,"1":0,"2":0,"3":0,"4":0,"5":0,"6":0,"7":0,"8":0,"9":0},"f":{},"b":{}}
,"C:\\Users\\NACHO\\Downloads\\rdam-backend\\src\\auth\\guards\\jwt.guard.ts": {"path":"C:\\Users\\NACHO\\Downloads\\rdam-backend\\src\\auth\\guards\\jwt.guard.ts","statementMap":{"0":{"start":{"line":1,"column":0},"end":{"line":1,"column":null}},"1":{"start":{"line":7,"column":0},"end":{"line":7,"column":45}},"2":{"start":{"line":8,"column":0},"end":{"line":8,"column":41}},"3":{"start":{"line":10,"column":0},"end":{"line":10,"column":67}},"4":{"start":{"line":13,"column":7},"end":{"line":13,"column":null}},"5":{"start":{"line":13,"column":13},"end":{"line":13,"column":30}},"6":{"start":{"line":13,"column":13},"end":{"line":13,"column":null}},"7":{"start":{"line":16,"column":7},"end":{"line":16,"column":null}},"8":{"start":{"line":16,"column":13},"end":{"line":16,"column":28}},"9":{"start":{"line":16,"column":13},"end":{"line":16,"column":null}},"10":{"start":{"line":19,"column":7},"end":{"line":19,"column":null}},"11":{"start":{"line":19,"column":13},"end":{"line":19,"column":28}},"12":{"start":{"line":19,"column":13},"end":{"line":19,"column":null}},"13":{"start":{"line":28,"column":7},"end":{"line":45,"column":null}},"14":{"start":{"line":29,"column":22},"end":{"line":29,"column":33}},"15":{"start":{"line":32,"column":26},"end":{"line":35,"column":6}},"16":{"start":{"line":37,"column":4},"end":{"line":37,"column":66}},"17":{"start":{"line":37,"column":54},"end":{"line":37,"column":66}},"18":{"start":{"line":39,"column":21},"end":{"line":39,"column":56}},"19":{"start":{"line":40,"column":4},"end":{"line":42,"column":5}},"20":{"start":{"line":41,"column":6},"end":{"line":41,"column":82}},"21":{"start":{"line":43,"column":4},"end":{"line":43,"column":16}},"22":{"start":{"line":28,"column":13},"end":{"line":28,"column":23}},"23":{"start":{"line":28,"column":13},"end":{"line":45,"column":null}}},"fnMap":{"0":{"name":"(anonymous_2)","decl":{"start":{"line":29,"column":2},"end":{"line":29,"column":22}},"loc":{"start":{"line":29,"column":42},"end":{"line":29,"column":46}}},"1":{"name":"(anonymous_3)","decl":{"start":{"line":31,"column":2},"end":{"line":31,"column":13}},"loc":{"start":{"line":31,"column":39},"end":{"line":44,"column":3}}}},"branchMap":{"0":{"loc":{"start":{"line":37,"column":4},"end":{"line":37,"column":66}},"type":"if","locations":[{"start":{"line":37,"column":4},"end":{"line":37,"column":66}}]},"1":{"loc":{"start":{"line":37,"column":8},"end":{"line":37,"column":52}},"type":"binary-expr","locations":[{"start":{"line":37,"column":8},"end":{"line":37,"column":22}},{"start":{"line":37,"column":26},"end":{"line":37,"column":52}}]},"2":{"loc":{"start":{"line":40,"column":4},"end":{"line":42,"column":5}},"type":"if","locations":[{"start":{"line":40,"column":4},"end":{"line":42,"column":5}}]}},"s":{"0":0,"1":0,"2":0,"3":0,"4":0,"5":0,"6":0,"7":0,"8":0,"9":0,"10":0,"11":0,"12":0,"13":0,"14":0,"15":0,"16":0,"17":0,"18":0,"19":0,"20":0,"21":0,"22":0,"23":0},"f":{"0":0,"1":0},"b":{"0":[0],"1":[0,0],"2":[0]}}
,"C:\\Users\\NACHO\\Downloads\\rdam-backend\\src\\auth\\strategies\\jwt.strategy.ts": {"path":"C:\\Users\\NACHO\\Downloads\\rdam-backend\\src\\auth\\strategies\\jwt.strategy.ts","statementMap":{"0":{"start":{"line":1,"column":0},"end":{"line":1,"column":67}},"1":{"start":{"line":2,"column":0},"end":{"line":2,"column":52}},"2":{"start":{"line":3,"column":0},"end":{"line":3,"column":52}},"3":{"start":{"line":4,"column":0},"end":{"line":4,"column":47}},"4":{"start":{"line":5,"column":0},"end":{"line":5,"column":60}},"5":{"start":{"line":21,"column":7},"end":{"line":34,"column":null}},"6":{"start":{"line":23,"column":4},"end":{"line":27,"column":7}},"7":{"start":{"line":31,"column":4},"end":{"line":31,"column":72}},"8":{"start":{"line":31,"column":38},"end":{"line":31,"column":72}},"9":{"start":{"line":32,"column":4},"end":{"line":32,"column":55}},"10":{"start":{"line":21,"column":13},"end":{"line":21,"column":33}},"11":{"start":{"line":21,"column":13},"end":{"line":34,"column":null}},"12":{"start":{"line":41,"column":7},"end":{"line":68,"column":null}},"13":{"start":{"line":46,"column":4},"end":{"line":50,"column":7}},"14":{"start":{"line":44,"column":21},"end":{"line":44,"column":29}},"15":{"start":{"line":54,"column":4},"end":{"line":54,"column":70}},"16":{"start":{"line":54,"column":36},"end":{"line":54,"column":70}},"17":{"start":{"line":56,"column":17},"end":{"line":63,"column":6}},"18":{"start":{"line":65,"column":4},"end":{"line":65,"column":83}},"19":{"start":{"line":65,"column":15},"end":{"line":65,"column":83}},"20":{"start":{"line":66,"column":4},"end":{"line":66,"column":16}},"21":{"start":{"line":41,"column":13},"end":{"line":41,"column":31}},"22":{"start":{"line":41,"column":13},"end":{"line":68,"column":null}},"23":{"start":{"line":74,"column":7},"end":{"line":88,"column":null}},"24":{"start":{"line":76,"column":4},"end":{"line":82,"column":7}},"25":{"start":{"line":78,"column":17},"end":{"line":78,"column":48}},"26":{"start":{"line":86,"column":4},"end":{"line":86,"column":19}},"27":{"start":{"line":74,"column":13},"end":{"line":74,"column":31}},"28":{"start":{"line":74,"column":13},"end":{"line":88,"column":null}}},"fnMap":{"0":{"name":"(anonymous_2)","decl":{"start":{"line":22,"column":2},"end":{"line":22,"column":14}},"loc":{"start":{"line":22,"column":35},"end":{"line":28,"column":3}}},"1":{"name":"(anonymous_3)","decl":{"start":{"line":30,"column":2},"end":{"line":30,"column":7}},"loc":{"start":{"line":30,"column":36},"end":{"line":33,"column":3}}},"2":{"name":"(anonymous_4)","decl":{"start":{"line":42,"column":2},"end":{"line":42,"column":null}},"loc":{"start":{"line":44,"column":42},"end":{"line":51,"column":3}}},"3":{"name":"(anonymous_5)","decl":{"start":{"line":53,"column":2},"end":{"line":53,"column":7}},"loc":{"start":{"line":53,"column":36},"end":{"line":67,"column":3}}},"4":{"name":"(anonymous_6)","decl":{"start":{"line":75,"column":2},"end":{"line":75,"column":14}},"loc":{"start":{"line":75,"column":35},"end":{"line":83,"column":3}}},"5":{"name":"(anonymous_7)","decl":{"start":{"line":78,"column":8},"end":{"line":78,"column":9}},"loc":{"start":{"line":78,"column":17},"end":{"line":78,"column":48}}},"6":{"name":"(anonymous_8)","decl":{"start":{"line":85,"column":2},"end":{"line":85,"column":7}},"loc":{"start":{"line":85,"column":36},"end":{"line":87,"column":3}}}},"branchMap":{"0":{"loc":{"start":{"line":31,"column":4},"end":{"line":31,"column":72}},"type":"if","locations":[{"start":{"line":31,"column":4},"end":{"line":31,"column":72}}]},"1":{"loc":{"start":{"line":54,"column":4},"end":{"line":54,"column":70}},"type":"if","locations":[{"start":{"line":54,"column":4},"end":{"line":54,"column":70}}]},"2":{"loc":{"start":{"line":65,"column":4},"end":{"line":65,"column":83}},"type":"if","locations":[{"start":{"line":65,"column":4},"end":{"line":65,"column":83}}]}},"s":{"0":0,"1":0,"2":0,"3":0,"4":0,"5":0,"6":0,"7":0,"8":0,"9":0,"10":0,"11":0,"12":0,"13":0,"14":0,"15":0,"16":0,"17":0,"18":0,"19":0,"20":0,"21":0,"22":0,"23":0,"24":0,"25":0,"26":0,"27":0,"28":0},"f":{"0":0,"1":0,"2":0,"3":0,"4":0,"5":0,"6":0},"b":{"0":[0],"1":[0],"2":[0]}}
,"C:\\Users\\NACHO\\Downloads\\rdam-backend\\src\\certificados\\certificados.module.ts": {"path":"C:\\Users\\NACHO\\Downloads\\rdam-backend\\src\\certificados\\certificados.module.ts","statementMap":{"0":{"start":{"line":1,"column":0},"end":{"line":1,"column":null}},"1":{"start":{"line":5,"column":0},"end":{"line":5,"column":56}},"2":{"start":{"line":7,"column":0},"end":{"line":7,"column":57}},"3":{"start":{"line":8,"column":0},"end":{"line":8,"column":59}},"4":{"start":{"line":11,"column":32},"end":{"line":63,"column":null}},"5":{"start":{"line":15,"column":21},"end":{"line":15,"column":29}},"6":{"start":{"line":16,"column":21},"end":{"line":16,"column":30}},"7":{"start":{"line":12,"column":19},"end":{"line":12,"column":65}},"8":{"start":{"line":21,"column":4},"end":{"line":21,"column":85}},"9":{"start":{"line":23,"column":22},"end":{"line":33,"column":6}},"10":{"start":{"line":35,"column":4},"end":{"line":37,"column":5}},"11":{"start":{"line":36,"column":6},"end":{"line":36,"column":63}},"12":{"start":{"line":40,"column":4},"end":{"line":45,"column":5}},"13":{"start":{"line":41,"column":6},"end":{"line":44,"column":9}},"14":{"start":{"line":47,"column":4},"end":{"line":49,"column":5}},"15":{"start":{"line":48,"column":6},"end":{"line":48,"column":63}},"16":{"start":{"line":52,"column":4},"end":{"line":58,"column":5}},"17":{"start":{"line":53,"column":6},"end":{"line":53,"column":98}},"18":{"start":{"line":54,"column":6},"end":{"line":57,"column":9}},"19":{"start":{"line":60,"column":19},"end":{"line":60,"column":77}},"20":{"start":{"line":61,"column":4},"end":{"line":61,"column":56}},"21":{"start":{"line":11,"column":13},"end":{"line":11,"column":32}},"22":{"start":{"line":11,"column":13},"end":{"line":63,"column":null}},"23":{"start":{"line":67,"column":7},"end":{"line":96,"column":null}},"24":{"start":{"line":68,"column":31},"end":{"line":68,"column":40}},"25":{"start":{"line":84,"column":35},"end":{"line":84,"column":70}},"26":{"start":{"line":86,"column":4},"end":{"line":92,"column":7}},"27":{"start":{"line":94,"column":4},"end":{"line":94,"column":21}},"28":{"start":{"line":67,"column":13},"end":{"line":67,"column":35}},"29":{"start":{"line":83,"column":8},"end":{"line":95,"column":null}},"30":{"start":{"line":67,"column":13},"end":{"line":96,"column":null}},"31":{"start":{"line":102,"column":7},"end":{"line":102,"column":null}},"32":{"start":{"line":102,"column":13},"end":{"line":102,"column":31}},"33":{"start":{"line":102,"column":13},"end":{"line":102,"column":null}}},"fnMap":{"0":{"name":"(anonymous_4)","decl":{"start":{"line":14,"column":2},"end":{"line":14,"column":null}},"loc":{"start":{"line":16,"column":44},"end":{"line":17,"column":6}}},"1":{"name":"(anonymous_5)","decl":{"start":{"line":19,"column":2},"end":{"line":19,"column":7}},"loc":{"start":{"line":19,"column":31},"end":{"line":62,"column":3}}},"2":{"name":"(anonymous_6)","decl":{"start":{"line":68,"column":2},"end":{"line":68,"column":31}},"loc":{"start":{"line":68,"column":59},"end":{"line":68,"column":63}}},"3":{"name":"(anonymous_7)","decl":{"start":{"line":83,"column":2},"end":{"line":83,"column":7}},"loc":{"start":{"line":83,"column":69},"end":{"line":95,"column":3}}}},"branchMap":{"0":{"loc":{"start":{"line":35,"column":4},"end":{"line":37,"column":5}},"type":"if","locations":[{"start":{"line":35,"column":4},"end":{"line":37,"column":5}}]},"1":{"loc":{"start":{"line":35,"column":8},"end":{"line":35,"column":40}},"type":"binary-expr","locations":[{"start":{"line":35,"column":8},"end":{"line":35,"column":18}},{"start":{"line":35,"column":22},"end":{"line":35,"column":40}}]},"2":{"loc":{"start":{"line":40,"column":4},"end":{"line":45,"column":5}},"type":"if","locations":[{"start":{"line":40,"column":4},"end":{"line":45,"column":5}}]},"3":{"loc":{"start":{"line":47,"column":4},"end":{"line":49,"column":5}},"type":"if","locations":[{"start":{"line":47,"column":4},"end":{"line":49,"column":5}}]},"4":{"loc":{"start":{"line":52,"column":4},"end":{"line":58,"column":5}},"type":"if","locations":[{"start":{"line":52,"column":4},"end":{"line":58,"column":5}}]},"5":{"loc":{"start":{"line":52,"column":8},"end":{"line":52,"column":73}},"type":"binary-expr","locations":[{"start":{"line":52,"column":8},"end":{"line":52,"column":32}},{"start":{"line":52,"column":36},"end":{"line":52,"column":73}}]}},"s":{"0":0,"1":0,"2":0,"3":0,"4":0,"5":0,"6":0,"7":0,"8":0,"9":0,"10":0,"11":0,"12":0,"13":0,"14":0,"15":0,"16":0,"17":0,"18":0,"19":0,"20":0,"21":0,"22":0,"23":0,"24":0,"25":0,"26":0,"27":0,"28":0,"29":0,"30":0,"31":0,"32":0,"33":0},"f":{"0":0,"1":0,"2":0,"3":0},"b":{"0":[0],"1":[0,0],"2":[0],"3":[0],"4":[0],"5":[0,0]}}
,"C:\\Users\\NACHO\\Downloads\\rdam-backend\\src\\common\\email.service.ts": {"path":"C:\\Users\\NACHO\\Downloads\\rdam-backend\\src\\common\\email.service.ts","statementMap":{"0":{"start":{"line":1,"column":0},"end":{"line":1,"column":52}},"1":{"start":{"line":2,"column":0},"end":{"line":2,"column":47}},"2":{"start":{"line":3,"column":0},"end":{"line":3,"column":41}},"3":{"start":{"line":6,"column":25},"end":{"line":120,"column":null}},"4":{"start":{"line":10,"column":31},"end":{"line":10,"column":39}},"5":{"start":{"line":7,"column":19},"end":{"line":7,"column":58}},"6":{"start":{"line":11,"column":34},"end":{"line":14,"column":6}},"7":{"start":{"line":16,"column":21},"end":{"line":16,"column":57}},"8":{"start":{"line":17,"column":21},"end":{"line":17,"column":57}},"9":{"start":{"line":18,"column":4},"end":{"line":20,"column":5}},"10":{"start":{"line":19,"column":6},"end":{"line":19,"column":65}},"11":{"start":{"line":22,"column":4},"end":{"line":22,"column":68}},"12":{"start":{"line":26,"column":4},"end":{"line":26,"column":96}},"13":{"start":{"line":30,"column":4},"end":{"line":36,"column":7}},"14":{"start":{"line":40,"column":4},"end":{"line":44,"column":7}},"15":{"start":{"line":54,"column":19},"end":{"line":54,"column":78}},"16":{"start":{"line":55,"column":25},"end":{"line":55,"column":62}},"17":{"start":{"line":56,"column":25},"end":{"line":56,"column":67}},"18":{"start":{"line":58,"column":4},"end":{"line":66,"column":7}},"19":{"start":{"line":75,"column":4},"end":{"line":81,"column":7}},"20":{"start":{"line":85,"column":4},"end":{"line":90,"column":7}},"21":{"start":{"line":94,"column":4},"end":{"line":118,"column":5}},"22":{"start":{"line":95,"column":6},"end":{"line":113,"column":9}},"23":{"start":{"line":114,"column":6},"end":{"line":114,"column":61}},"24":{"start":{"line":117,"column":6},"end":{"line":117,"column":74}},"25":{"start":{"line":6,"column":13},"end":{"line":6,"column":25}},"26":{"start":{"line":6,"column":13},"end":{"line":120,"column":null}}},"fnMap":{"0":{"name":"(anonymous_2)","decl":{"start":{"line":10,"column":2},"end":{"line":10,"column":31}},"loc":{"start":{"line":10,"column":52},"end":{"line":23,"column":3}}},"1":{"name":"(anonymous_3)","decl":{"start":{"line":25,"column":2},"end":{"line":25,"column":14}},"loc":{"start":{"line":25,"column":18},"end":{"line":27,"column":3}}},"2":{"name":"(anonymous_4)","decl":{"start":{"line":29,"column":2},"end":{"line":29,"column":7}},"loc":{"start":{"line":29,"column":74},"end":{"line":37,"column":3}}},"3":{"name":"(anonymous_5)","decl":{"start":{"line":39,"column":2},"end":{"line":39,"column":7}},"loc":{"start":{"line":39,"column":88},"end":{"line":45,"column":3}}},"4":{"name":"(anonymous_6)","decl":{"start":{"line":47,"column":2},"end":{"line":47,"column":7}},"loc":{"start":{"line":52,"column":24},"end":{"line":67,"column":3}}},"5":{"name":"(anonymous_7)","decl":{"start":{"line":69,"column":2},"end":{"line":69,"column":7}},"loc":{"start":{"line":73,"column":23},"end":{"line":82,"column":3}}},"6":{"name":"(anonymous_8)","decl":{"start":{"line":84,"column":2},"end":{"line":84,"column":7}},"loc":{"start":{"line":84,"column":42},"end":{"line":91,"column":3}}},"7":{"name":"(anonymous_9)","decl":{"start":{"line":93,"column":10},"end":{"line":93,"column":15}},"loc":{"start":{"line":93,"column":66},"end":{"line":119,"column":3}}}},"branchMap":{"0":{"loc":{"start":{"line":18,"column":4},"end":{"line":20,"column":5}},"type":"if","locations":[{"start":{"line":18,"column":4},"end":{"line":20,"column":5}}]}},"s":{"0":1,"1":1,"2":1,"3":1,"4":0,"5":0,"6":0,"7":0,"8":0,"9":0,"10":0,"11":0,"12":0,"13":0,"14":0,"15":0,"16":0,"17":0,"18":0,"19":0,"20":0,"21":0,"22":0,"23":0,"24":0,"25":1,"26":1},"f":{"0":0,"1":0,"2":0,"3":0,"4":0,"5":0,"6":0,"7":0},"b":{"0":[0]}}
,"C:\\Users\\NACHO\\Downloads\\rdam-backend\\src\\common\\pdf.service.ts": {"path":"C:\\Users\\NACHO\\Downloads\\rdam-backend\\src\\common\\pdf.service.ts","statementMap":{"0":{"start":{"line":1,"column":0},"end":{"line":1,"column":52}},"1":{"start":{"line":2,"column":0},"end":{"line":2,"column":47}},"2":{"start":{"line":3,"column":0},"end":{"line":3,"column":39}},"3":{"start":{"line":16,"column":23},"end":{"line":315,"column":null}},"4":{"start":{"line":19,"column":31},"end":{"line":19,"column":39}},"5":{"start":{"line":17,"column":19},"end":{"line":17,"column":56}},"6":{"start":{"line":26,"column":4},"end":{"line":26,"column":63}},"7":{"start":{"line":28,"column":17},"end":{"line":28,"column":41}},"8":{"start":{"line":30,"column":20},"end":{"line":33,"column":6}},"9":{"start":{"line":35,"column":4},"end":{"line":49,"column":5}},"10":{"start":{"line":36,"column":19},"end":{"line":36,"column":42}},"11":{"start":{"line":37,"column":6},"end":{"line":37,"column":65}},"12":{"start":{"line":39,"column":24},"end":{"line":43,"column":8}},"13":{"start":{"line":45,"column":6},"end":{"line":45,"column":67}},"14":{"start":{"line":46,"column":6},"end":{"line":46,"column":36}},"15":{"start":{"line":48,"column":6},"end":{"line":48,"column":28}},"16":{"start":{"line":55,"column":24},"end":{"line":55,"column":56}},"17":{"start":{"line":56,"column":24},"end":{"line":56,"column":60}},"18":{"start":{"line":57,"column":24},"end":{"line":57,"column":83}},"19":{"start":{"line":58,"column":24},"end":{"line":58,"column":69}},"20":{"start":{"line":60,"column":4},"end":{"line":305,"column":9}},"21":{"start":{"line":309,"column":4},"end":{"line":313,"column":7}},"22":{"start":{"line":16,"column":13},"end":{"line":16,"column":23}},"23":{"start":{"line":16,"column":13},"end":{"line":315,"column":null}}},"fnMap":{"0":{"name":"(anonymous_2)","decl":{"start":{"line":19,"column":2},"end":{"line":19,"column":31}},"loc":{"start":{"line":19,"column":52},"end":{"line":19,"column":56}}},"1":{"name":"(anonymous_3)","decl":{"start":{"line":25,"column":2},"end":{"line":25,"column":7}},"loc":{"start":{"line":25,"column":48},"end":{"line":50,"column":3}}},"2":{"name":"(anonymous_4)","decl":{"start":{"line":54,"column":10},"end":{"line":54,"column":23}},"loc":{"start":{"line":54,"column":45},"end":{"line":306,"column":3}}},"3":{"name":"(anonymous_5)","decl":{"start":{"line":308,"column":10},"end":{"line":308,"column":20}},"loc":{"start":{"line":308,"column":31},"end":{"line":314,"column":3}}}},"branchMap":{},"s":{"0":0,"1":0,"2":0,"3":0,"4":0,"5":0,"6":0,"7":0,"8":0,"9":0,"10":0,"11":0,"12":0,"13":0,"14":0,"15":0,"16":0,"17":0,"18":0,"19":0,"20":0,"21":0,"22":0,"23":0},"f":{"0":0,"1":0,"2":0,"3":0},"b":{}}
,"C:\\Users\\NACHO\\Downloads\\rdam-backend\\src\\common\\storage.service.ts": {"path":"C:\\Users\\NACHO\\Downloads\\rdam-backend\\src\\common\\storage.service.ts","statementMap":{"0":{"start":{"line":1,"column":0},"end":{"line":1,"column":52}},"1":{"start":{"line":2,"column":0},"end":{"line":2,"column":47}},"2":{"start":{"line":3,"column":0},"end":{"line":3,"column":null}},"3":{"start":{"line":10,"column":0},"end":{"line":10,"column":61}},"4":{"start":{"line":11,"column":0},"end":{"line":11,"column":36}},"5":{"start":{"line":15,"column":27},"end":{"line":143,"column":null}},"6":{"start":{"line":21,"column":31},"end":{"line":21,"column":39}},"7":{"start":{"line":16,"column":19},"end":{"line":16,"column":60}},"8":{"start":{"line":22,"column":4},"end":{"line":30,"column":7}},"9":{"start":{"line":32,"column":4},"end":{"line":32,"column":89}},"10":{"start":{"line":33,"column":4},"end":{"line":33,"column":81}},"11":{"start":{"line":45,"column":16},"end":{"line":45,"column":26}},"12":{"start":{"line":46,"column":18},"end":{"line":46,"column":35}},"13":{"start":{"line":47,"column":18},"end":{"line":47,"column":61}},"14":{"start":{"line":48,"column":18},"end":{"line":48,"column":56}},"15":{"start":{"line":49,"column":18},"end":{"line":49,"column":64}},"16":{"start":{"line":51,"column":21},"end":{"line":51,"column":70}},"17":{"start":{"line":53,"column":4},"end":{"line":61,"column":8}},"18":{"start":{"line":63,"column":4},"end":{"line":63,"column":49}},"19":{"start":{"line":64,"column":4},"end":{"line":64,"column":30}},"20":{"start":{"line":72,"column":16},"end":{"line":72,"column":26}},"21":{"start":{"line":73,"column":18},"end":{"line":73,"column":35}},"22":{"start":{"line":74,"column":18},"end":{"line":74,"column":61}},"23":{"start":{"line":75,"column":18},"end":{"line":75,"column":59}},"24":{"start":{"line":77,"column":4},"end":{"line":82,"column":8}},"25":{"start":{"line":84,"column":4},"end":{"line":84,"column":45}},"26":{"start":{"line":85,"column":4},"end":{"line":85,"column":16}},"27":{"start":{"line":92,"column":23},"end":{"line":92,"column":80}},"28":{"start":{"line":94,"column":21},"end":{"line":97,"column":7}},"29":{"start":{"line":99,"column":19},"end":{"line":99,"column":44}},"30":{"start":{"line":100,"column":4},"end":{"line":105,"column":7}},"31":{"start":{"line":101,"column":31},"end":{"line":101,"column":33}},"32":{"start":{"line":102,"column":6},"end":{"line":102,"column":55}},"33":{"start":{"line":102,"column":35},"end":{"line":102,"column":53}},"34":{"start":{"line":103,"column":6},"end":{"line":103,"column":62}},"35":{"start":{"line":103,"column":30},"end":{"line":103,"column":60}},"36":{"start":{"line":104,"column":6},"end":{"line":104,"column":33}},"37":{"start":{"line":113,"column":23},"end":{"line":113,"column":80}},"38":{"start":{"line":114,"column":20},"end":{"line":114,"column":75}},"39":{"start":{"line":115,"column":4},"end":{"line":115,"column":62}},"40":{"start":{"line":122,"column":23},"end":{"line":122,"column":80}},"41":{"start":{"line":123,"column":4},"end":{"line":128,"column":5}},"42":{"start":{"line":124,"column":6},"end":{"line":124,"column":85}},"43":{"start":{"line":125,"column":6},"end":{"line":125,"column":54}},"44":{"start":{"line":127,"column":6},"end":{"line":127,"column":72}},"45":{"start":{"line":135,"column":23},"end":{"line":135,"column":80}},"46":{"start":{"line":136,"column":4},"end":{"line":141,"column":5}},"47":{"start":{"line":137,"column":6},"end":{"line":137,"column":83}},"48":{"start":{"line":138,"column":6},"end":{"line":138,"column":18}},"49":{"start":{"line":140,"column":6},"end":{"line":140,"column":19}},"50":{"start":{"line":15,"column":13},"end":{"line":15,"column":27}},"51":{"start":{"line":15,"column":13},"end":{"line":143,"column":null}}},"fnMap":{"0":{"name":"(anonymous_2)","decl":{"start":{"line":21,"column":2},"end":{"line":21,"column":31}},"loc":{"start":{"line":21,"column":52},"end":{"line":34,"column":3}}},"1":{"name":"(anonymous_3)","decl":{"start":{"line":40,"column":2},"end":{"line":40,"column":7}},"loc":{"start":{"line":43,"column":20},"end":{"line":65,"column":3}}},"2":{"name":"(anonymous_4)","decl":{"start":{"line":71,"column":2},"end":{"line":71,"column":7}},"loc":{"start":{"line":71,"column":52},"end":{"line":86,"column":3}}},"3":{"name":"(anonymous_5)","decl":{"start":{"line":91,"column":2},"end":{"line":91,"column":7}},"loc":{"start":{"line":91,"column":62},"end":{"line":106,"column":3}}},"4":{"name":"(anonymous_6)","decl":{"start":{"line":100,"column":31},"end":{"line":100,"column":32}},"loc":{"start":{"line":100,"column":51},"end":{"line":105,"column":5}}},"5":{"name":"(anonymous_7)","decl":{"start":{"line":102,"column":24},"end":{"line":102,"column":25}},"loc":{"start":{"line":102,"column":35},"end":{"line":102,"column":53}}},"6":{"name":"(anonymous_8)","decl":{"start":{"line":103,"column":24},"end":{"line":103,"column":27}},"loc":{"start":{"line":103,"column":30},"end":{"line":103,"column":60}}},"7":{"name":"(anonymous_9)","decl":{"start":{"line":112,"column":2},"end":{"line":112,"column":7}},"loc":{"start":{"line":112,"column":65},"end":{"line":116,"column":3}}},"8":{"name":"(anonymous_10)","decl":{"start":{"line":121,"column":2},"end":{"line":121,"column":7}},"loc":{"start":{"line":121,"column":60},"end":{"line":129,"column":3}}},"9":{"name":"(anonymous_11)","decl":{"start":{"line":134,"column":2},"end":{"line":134,"column":7}},"loc":{"start":{"line":134,"column":60},"end":{"line":142,"column":3}}}},"branchMap":{"0":{"loc":{"start":{"line":92,"column":23},"end":{"line":92,"column":80}},"type":"cond-expr","locations":[{"start":{"line":92,"column":43},"end":{"line":92,"column":58}},{"start":{"line":92,"column":61},"end":{"line":92,"column":80}}]},"1":{"loc":{"start":{"line":113,"column":23},"end":{"line":113,"column":80}},"type":"cond-expr","locations":[{"start":{"line":113,"column":43},"end":{"line":113,"column":58}},{"start":{"line":113,"column":61},"end":{"line":113,"column":80}}]},"2":{"loc":{"start":{"line":122,"column":23},"end":{"line":122,"column":80}},"type":"cond-expr","locations":[{"start":{"line":122,"column":43},"end":{"line":122,"column":58}},{"start":{"line":122,"column":61},"end":{"line":122,"column":80}}]},"3":{"loc":{"start":{"line":135,"column":23},"end":{"line":135,"column":80}},"type":"cond-expr","locations":[{"start":{"line":135,"column":43},"end":{"line":135,"column":58}},{"start":{"line":135,"column":61},"end":{"line":135,"column":80}}]}},"s":{"0":0,"1":0,"2":0,"3":0,"4":0,"5":0,"6":0,"7":0,"8":0,"9":0,"10":0,"11":0,"12":0,"13":0,"14":0,"15":0,"16":0,"17":0,"18":0,"19":0,"20":0,"21":0,"22":0,"23":0,"24":0,"25":0,"26":0,"27":0,"28":0,"29":0,"30":0,"31":0,"32":0,"33":0,"34":0,"35":0,"36":0,"37":0,"38":0,"39":0,"40":0,"41":0,"42":0,"43":0,"44":0,"45":0,"46":0,"47":0,"48":0,"49":0,"50":0,"51":0},"f":{"0":0,"1":0,"2":0,"3":0,"4":0,"5":0,"6":0,"7":0,"8":0,"9":0},"b":{"0":[0,0],"1":[0,0],"2":[0,0],"3":[0,0]}}
,"C:\\Users\\NACHO\\Downloads\\rdam-backend\\src\\common\\decorators\\auth.decorator.ts": {"path":"C:\\Users\\NACHO\\Downloads\\rdam-backend\\src\\common\\decorators\\auth.decorator.ts","statementMap":{"0":{"start":{"line":1,"column":0},"end":{"line":1,"column":45}},"1":{"start":{"line":2,"column":0},"end":{"line":2,"column":72}},"2":{"start":{"line":5,"column":13},"end":{"line":5,"column":33}},"3":{"start":{"line":6,"column":21},"end":{"line":6,"column":78}},"4":{"start":{"line":6,"column":49},"end":{"line":6,"column":78}},"5":{"start":{"line":6,"column":13},"end":{"line":6,"column":21}},"6":{"start":{"line":9,"column":13},"end":{"line":14,"column":2}},"7":{"start":{"line":11,"column":20},"end":{"line":11,"column":51}},"8":{"start":{"line":12,"column":4},"end":{"line":12,"column":24}},"9":{"start":{"line":17,"column":13},"end":{"line":26,"column":2}},"10":{"start":{"line":19,"column":20},"end":{"line":19,"column":51}},"11":{"start":{"line":20,"column":4},"end":{"line":24,"column":6}}},"fnMap":{"0":{"name":"(anonymous_0)","decl":{"start":{"line":6,"column":21},"end":{"line":6,"column":22}},"loc":{"start":{"line":6,"column":49},"end":{"line":6,"column":78}}},"1":{"name":"(anonymous_1)","decl":{"start":{"line":10,"column":2},"end":{"line":10,"column":3}},"loc":{"start":{"line":10,"column":44},"end":{"line":13,"column":3}}},"2":{"name":"(anonymous_2)","decl":{"start":{"line":18,"column":2},"end":{"line":18,"column":3}},"loc":{"start":{"line":18,"column":52},"end":{"line":25,"column":3}}}},"branchMap":{"0":{"loc":{"start":{"line":21,"column":6},"end":{"line":23,"column":15}},"type":"binary-expr","locations":[{"start":{"line":21,"column":6},"end":{"line":21,"column":63}},{"start":{"line":22,"column":6},"end":{"line":22,"column":38}},{"start":{"line":23,"column":6},"end":{"line":23,"column":15}}]}},"s":{"0":0,"1":0,"2":0,"3":0,"4":0,"5":0,"6":0,"7":0,"8":0,"9":0,"10":0,"11":0},"f":{"0":0,"1":0,"2":0},"b":{"0":[0,0,0]}}
,"C:\\Users\\NACHO\\Downloads\\rdam-backend\\src\\common\\filters\\http-exception.filter.ts": {"path":"C:\\Users\\NACHO\\Downloads\\rdam-backend\\src\\common\\filters\\http-exception.filter.ts","statementMap":{"0":{"start":{"line":1,"column":0},"end":{"line":1,"column":null}},"1":{"start":{"line":12,"column":32},"end":{"line":69,"column":null}},"2":{"start":{"line":13,"column":19},"end":{"line":13,"column":65}},"3":{"start":{"line":16,"column":21},"end":{"line":16,"column":40}},"4":{"start":{"line":17,"column":21},"end":{"line":17,"column":48}},"5":{"start":{"line":18,"column":21},"end":{"line":18,"column":46}},"6":{"start":{"line":21,"column":6},"end":{"line":23,"column":42}},"7":{"start":{"line":25,"column":18},"end":{"line":25,"column":46}},"8":{"start":{"line":26,"column":18},"end":{"line":26,"column":34}},"9":{"start":{"line":29,"column":4},"end":{"line":49,"column":5}},"10":{"start":{"line":30,"column":18},"end":{"line":30,"column":48}},"11":{"start":{"line":31,"column":6},"end":{"line":48,"column":7}},"12":{"start":{"line":32,"column":8},"end":{"line":32,"column":22}},"13":{"start":{"line":34,"column":8},"end":{"line":34,"column":41}},"14":{"start":{"line":35,"column":8},"end":{"line":35,"column":35}},"15":{"start":{"line":36,"column":8},"end":{"line":36,"column":29}},"16":{"start":{"line":39,"column":8},"end":{"line":47,"column":9}},"17":{"start":{"line":40,"column":10},"end":{"line":40,"column":23}},"18":{"start":{"line":41,"column":10},"end":{"line":41,"column":44}},"19":{"start":{"line":42,"column":10},"end":{"line":42,"column":39}},"20":{"start":{"line":43,"column":11},"end":{"line":46,"column":13}},"21":{"start":{"line":44,"column":37},"end":{"line":44,"column":49}},"22":{"start":{"line":45,"column":12},"end":{"line":45,"column":44}},"23":{"start":{"line":52,"column":4},"end":{"line":57,"column":5}},"24":{"start":{"line":53,"column":6},"end":{"line":56,"column":8}},"25":{"start":{"line":59,"column":4},"end":{"line":67,"column":7}},"26":{"start":{"line":12,"column":13},"end":{"line":12,"column":32}},"27":{"start":{"line":12,"column":13},"end":{"line":69,"column":null}}},"fnMap":{"0":{"name":"(anonymous_1)","decl":{"start":{"line":12,"column":7},"end":{"line":12,"column":13}},"loc":{"start":{"line":12,"column":7},"end":{"line":69,"column":1}}},"1":{"name":"(anonymous_2)","decl":{"start":{"line":15,"column":2},"end":{"line":15,"column":7}},"loc":{"start":{"line":15,"column":47},"end":{"line":68,"column":3}}},"2":{"name":"(anonymous_3)","decl":{"start":{"line":43,"column":44},"end":{"line":43,"column":45}},"loc":{"start":{"line":43,"column":50},"end":{"line":46,"column":11}}}},"branchMap":{"0":{"loc":{"start":{"line":21,"column":6},"end":{"line":23,"column":42}},"type":"cond-expr","locations":[{"start":{"line":22,"column":10},"end":{"line":22,"column":31}},{"start":{"line":23,"column":10},"end":{"line":23,"column":42}}]},"1":{"loc":{"start":{"line":29,"column":4},"end":{"line":49,"column":5}},"type":"if","locations":[{"start":{"line":29,"column":4},"end":{"line":49,"column":5}}]},"2":{"loc":{"start":{"line":31,"column":6},"end":{"line":48,"column":7}},"type":"if","locations":[{"start":{"line":31,"column":6},"end":{"line":48,"column":7}},{"start":{"line":33,"column":13},"end":{"line":48,"column":7}}]},"3":{"loc":{"start":{"line":34,"column":18},"end":{"line":34,"column":40}},"type":"binary-expr","locations":[{"start":{"line":34,"column":18},"end":{"line":34,"column":29}},{"start":{"line":34,"column":33},"end":{"line":34,"column":40}}]},"4":{"loc":{"start":{"line":35,"column":18},"end":{"line":35,"column":34}},"type":"binary-expr","locations":[{"start":{"line":35,"column":18},"end":{"line":35,"column":26}},{"start":{"line":35,"column":30},"end":{"line":35,"column":34}}]},"5":{"loc":{"start":{"line":39,"column":8},"end":{"line":47,"column":9}},"type":"if","locations":[{"start":{"line":39,"column":8},"end":{"line":47,"column":9}}]},"6":{"loc":{"start":{"line":52,"column":4},"end":{"line":57,"column":5}},"type":"if","locations":[{"start":{"line":52,"column":4},"end":{"line":57,"column":5}}]},"7":{"loc":{"start":{"line":55,"column":8},"end":{"line":55,"column":72}},"type":"cond-expr","locations":[{"start":{"line":55,"column":37},"end":{"line":55,"column":52}},{"start":{"line":55,"column":55},"end":{"line":55,"column":72}}]},"8":{"loc":{"start":{"line":63,"column":12},"end":{"line":63,"column":36}},"type":"cond-expr","locations":[{"start":{"line":63,"column":21},"end":{"line":63,"column":31}},{"start":{"line":63,"column":34},"end":{"line":63,"column":36}}]}},"s":{"0":0,"1":0,"2":0,"3":0,"4":0,"5":0,"6":0,"7":0,"8":0,"9":0,"10":0,"11":0,"12":0,"13":0,"14":0,"15":0,"16":0,"17":0,"18":0,"19":0,"20":0,"21":0,"22":0,"23":0,"24":0,"25":0,"26":0,"27":0},"f":{"0":0,"1":0,"2":0},"b":{"0":[0,0],"1":[0],"2":[0,0],"3":[0,0],"4":[0,0],"5":[0],"6":[0],"7":[0,0],"8":[0,0]}}
,"C:\\Users\\NACHO\\Downloads\\rdam-backend\\src\\common\\interceptors\\transform.interceptor.ts": {"path":"C:\\Users\\NACHO\\Downloads\\rdam-backend\\src\\common\\interceptors\\transform.interceptor.ts","statementMap":{"0":{"start":{"line":1,"column":0},"end":{"line":1,"column":92}},"1":{"start":{"line":3,"column":0},"end":{"line":3,"column":37}},"2":{"start":{"line":11,"column":7},"end":{"line":21,"column":null}},"3":{"start":{"line":13,"column":4},"end":{"line":19,"column":6}},"4":{"start":{"line":16,"column":8},"end":{"line":16,"column":76}},"5":{"start":{"line":16,"column":64},"end":{"line":16,"column":76}},"6":{"start":{"line":17,"column":8},"end":{"line":17,"column":24}},"7":{"start":{"line":11,"column":13},"end":{"line":11,"column":33}},"8":{"start":{"line":11,"column":13},"end":{"line":21,"column":null}}},"fnMap":{"0":{"name":"(anonymous_1)","decl":{"start":{"line":12,"column":2},"end":{"line":12,"column":11}},"loc":{"start":{"line":12,"column":57},"end":{"line":20,"column":3}}},"1":{"name":"(anonymous_2)","decl":{"start":{"line":14,"column":10},"end":{"line":14,"column":11}},"loc":{"start":{"line":14,"column":19},"end":{"line":18,"column":7}}}},"branchMap":{"0":{"loc":{"start":{"line":16,"column":8},"end":{"line":16,"column":76}},"type":"if","locations":[{"start":{"line":16,"column":8},"end":{"line":16,"column":76}}]},"1":{"loc":{"start":{"line":16,"column":12},"end":{"line":16,"column":62}},"type":"binary-expr","locations":[{"start":{"line":16,"column":12},"end":{"line":16,"column":16}},{"start":{"line":16,"column":20},"end":{"line":16,"column":44}},{"start":{"line":16,"column":48},"end":{"line":16,"column":62}}]}},"s":{"0":0,"1":0,"2":0,"3":0,"4":0,"5":0,"6":0,"7":0,"8":0},"f":{"0":0,"1":0},"b":{"0":[0],"1":[0,0,0]}}
,"C:\\Users\\NACHO\\Downloads\\rdam-backend\\src\\config\\env.validation.ts": {"path":"C:\\Users\\NACHO\\Downloads\\rdam-backend\\src\\config\\env.validation.ts","statementMap":{"0":{"start":{"line":19,"column":0},"end":{"line":19,"column":16}},"1":{"start":{"line":1,"column":0},"end":{"line":1,"column":52}},"2":{"start":{"line":2,"column":0},"end":{"line":2,"column":75}},"3":{"start":{"line":4,"column":0},"end":{"line":4,"column":null}},"4":{"start":{"line":5,"column":2},"end":{"line":5,"column":null}},"5":{"start":{"line":6,"column":2},"end":{"line":6,"column":null}},"6":{"start":{"line":7,"column":2},"end":{"line":7,"column":null}},"7":{"start":{"line":11,"column":14},"end":{"line":11,"column":null}},"8":{"start":{"line":12,"column":14},"end":{"line":12,"column":null}},"9":{"start":{"line":13,"column":14},"end":{"line":13,"column":null}},"10":{"start":{"line":14,"column":14},"end":{"line":14,"column":null}},"11":{"start":{"line":15,"column":14},"end":{"line":15,"column":null}},"12":{"start":{"line":16,"column":23},"end":{"line":16,"column":null}},"13":{"start":{"line":20,"column":26},"end":{"line":22,"column":4}},"14":{"start":{"line":23,"column":17},"end":{"line":23,"column":80}},"15":{"start":{"line":25,"column":2},"end":{"line":27,"column":3}},"16":{"start":{"line":26,"column":4},"end":{"line":26,"column":82}},"17":{"start":{"line":28,"column":2},"end":{"line":28,"column":25}}},"fnMap":{"0":{"name":"(anonymous_2)","decl":{"start":{"line":4,"column":0},"end":{"line":4,"column":5}},"loc":{"start":{"line":4,"column":16},"end":{"line":8,"column":1}}},"1":{"name":"validate","decl":{"start":{"line":19,"column":16},"end":{"line":19,"column":24}},"loc":{"start":{"line":19,"column":56},"end":{"line":29,"column":1}}}},"branchMap":{"0":{"loc":{"start":{"line":4,"column":5},"end":{"line":4,"column":null}},"type":"binary-expr","locations":[{"start":{"line":4,"column":5},"end":{"line":4,"column":16}},{"start":{"line":4,"column":5},"end":{"line":4,"column":null}}]},"1":{"loc":{"start":{"line":25,"column":2},"end":{"line":27,"column":3}},"type":"if","locations":[{"start":{"line":25,"column":2},"end":{"line":27,"column":3}}]}},"s":{"0":0,"1":0,"2":0,"3":0,"4":0,"5":0,"6":0,"7":0,"8":0,"9":0,"10":0,"11":0,"12":0,"13":0,"14":0,"15":0,"16":0,"17":0},"f":{"0":0,"1":0},"b":{"0":[0,0],"1":[0]}}
,"C:\\Users\\NACHO\\Downloads\\rdam-backend\\src\\config\\prisma.module.ts": {"path":"C:\\Users\\NACHO\\Downloads\\rdam-backend\\src\\config\\prisma.module.ts","statementMap":{"0":{"start":{"line":1,"column":0},"end":{"line":1,"column":48}},"1":{"start":{"line":2,"column":0},"end":{"line":2,"column":49}},"2":{"start":{"line":9,"column":7},"end":{"line":9,"column":null}},"3":{"start":{"line":9,"column":13},"end":{"line":9,"column":25}},"4":{"start":{"line":9,"column":13},"end":{"line":9,"column":null}}},"fnMap":{},"branchMap":{},"s":{"0":0,"1":0,"2":0,"3":0,"4":0},"f":{},"b":{}}
,"C:\\Users\\NACHO\\Downloads\\rdam-backend\\src\\config\\prisma.service.ts": {"path":"C:\\Users\\NACHO\\Downloads\\rdam-backend\\src\\config\\prisma.service.ts","statementMap":{"0":{"start":{"line":1,"column":0},"end":{"line":1,"column":83}},"1":{"start":{"line":2,"column":0},"end":{"line":2,"column":46}},"2":{"start":{"line":5,"column":26},"end":{"line":36,"column":null}},"3":{"start":{"line":9,"column":4},"end":{"line":15,"column":7}},"4":{"start":{"line":6,"column":19},"end":{"line":6,"column":59}},"5":{"start":{"line":19,"column":4},"end":{"line":19,"column":26}},"6":{"start":{"line":20,"column":4},"end":{"line":20,"column":59}},"7":{"start":{"line":24,"column":4},"end":{"line":24,"column":29}},"8":{"start":{"line":25,"column":4},"end":{"line":25,"column":53}},"9":{"start":{"line":32,"column":4},"end":{"line":32,"column":48}},"10":{"start":{"line":32,"column":41},"end":{"line":32,"column":48}},"11":{"start":{"line":33,"column":19},"end":{"line":33,"column":68}},"12":{"start":{"line":33,"column":55},"end":{"line":33,"column":67}},"13":{"start":{"line":34,"column":4},"end":{"line":34,"column":74}},"14":{"start":{"line":34,"column":42},"end":{"line":34,"column":71}},"15":{"start":{"line":5,"column":13},"end":{"line":5,"column":26}},"16":{"start":{"line":5,"column":13},"end":{"line":36,"column":null}}},"fnMap":{"0":{"name":"(anonymous_2)","decl":{"start":{"line":8,"column":2},"end":{"line":8,"column":null}},"loc":{"start":{"line":8,"column":2},"end":{"line":16,"column":3}}},"1":{"name":"(anonymous_3)","decl":{"start":{"line":18,"column":2},"end":{"line":18,"column":7}},"loc":{"start":{"line":18,"column":20},"end":{"line":21,"column":3}}},"2":{"name":"(anonymous_4)","decl":{"start":{"line":23,"column":2},"end":{"line":23,"column":7}},"loc":{"start":{"line":23,"column":23},"end":{"line":26,"column":3}}},"3":{"name":"(anonymous_5)","decl":{"start":{"line":31,"column":2},"end":{"line":31,"column":7}},"loc":{"start":{"line":31,"column":21},"end":{"line":35,"column":3}}},"4":{"name":"(anonymous_6)","decl":{"start":{"line":33,"column":48},"end":{"line":33,"column":49}},"loc":{"start":{"line":33,"column":55},"end":{"line":33,"column":67}}},"5":{"name":"(anonymous_7)","decl":{"start":{"line":34,"column":34},"end":{"line":34,"column":35}},"loc":{"start":{"line":34,"column":42},"end":{"line":34,"column":71}}}},"branchMap":{"0":{"loc":{"start":{"line":32,"column":4},"end":{"line":32,"column":48}},"type":"if","locations":[{"start":{"line":32,"column":4},"end":{"line":32,"column":48}}]}},"s":{"0":1,"1":1,"2":1,"3":0,"4":0,"5":0,"6":0,"7":0,"8":0,"9":0,"10":0,"11":0,"12":0,"13":0,"14":0,"15":1,"16":1},"f":{"0":0,"1":0,"2":0,"3":0,"4":0,"5":0},"b":{"0":[0]}}
,"C:\\Users\\NACHO\\Downloads\\rdam-backend\\src\\gestion\\gestion.controller.ts": {"path":"C:\\Users\\NACHO\\Downloads\\rdam-backend\\src\\gestion\\gestion.controller.ts","statementMap":{"0":{"start":{"line":1,"column":0},"end":{"line":1,"column":null}},"1":{"start":{"line":5,"column":0},"end":{"line":5,"column":71}},"2":{"start":{"line":6,"column":0},"end":{"line":6,"column":51}},"3":{"start":{"line":7,"column":0},"end":{"line":7,"column":71}},"4":{"start":{"line":8,"column":0},"end":{"line":8,"column":73}},"5":{"start":{"line":9,"column":0},"end":{"line":9,"column":90}},"6":{"start":{"line":16,"column":7},"end":{"line":84,"column":null}},"7":{"start":{"line":17,"column":31},"end":{"line":17,"column":47}},"8":{"start":{"line":22,"column":4},"end":{"line":22,"column":43}},"9":{"start":{"line":28,"column":4},"end":{"line":28,"column":59}},"10":{"start":{"line":35,"column":4},"end":{"line":38,"column":6}},"11":{"start":{"line":49,"column":4},"end":{"line":52,"column":6}},"12":{"start":{"line":63,"column":4},"end":{"line":66,"column":6}},"13":{"start":{"line":73,"column":4},"end":{"line":76,"column":6}},"14":{"start":{"line":82,"column":4},"end":{"line":82,"column":62}},"15":{"start":{"line":16,"column":13},"end":{"line":16,"column":30}},"16":{"start":{"line":21,"column":8},"end":{"line":23,"column":null}},"17":{"start":{"line":27,"column":8},"end":{"line":29,"column":null}},"18":{"start":{"line":34,"column":8},"end":{"line":39,"column":null}},"19":{"start":{"line":44,"column":8},"end":{"line":53,"column":null}},"20":{"start":{"line":58,"column":8},"end":{"line":67,"column":null}},"21":{"start":{"line":72,"column":8},"end":{"line":77,"column":null}},"22":{"start":{"line":81,"column":8},"end":{"line":83,"column":null}},"23":{"start":{"line":16,"column":13},"end":{"line":84,"column":null}}},"fnMap":{"0":{"name":"(anonymous_4)","decl":{"start":{"line":17,"column":2},"end":{"line":17,"column":31}},"loc":{"start":{"line":17,"column":61},"end":{"line":17,"column":65}}},"1":{"name":"(anonymous_5)","decl":{"start":{"line":21,"column":2},"end":{"line":21,"column":7}},"loc":{"start":{"line":21,"column":56},"end":{"line":23,"column":3}}},"2":{"name":"(anonymous_6)","decl":{"start":{"line":27,"column":2},"end":{"line":27,"column":7}},"loc":{"start":{"line":27,"column":53},"end":{"line":29,"column":3}}},"3":{"name":"(anonymous_7)","decl":{"start":{"line":34,"column":2},"end":{"line":34,"column":7}},"loc":{"start":{"line":34,"column":77},"end":{"line":39,"column":3}}},"4":{"name":"(anonymous_8)","decl":{"start":{"line":44,"column":2},"end":{"line":44,"column":7}},"loc":{"start":{"line":47,"column":28},"end":{"line":53,"column":3}}},"5":{"name":"(anonymous_9)","decl":{"start":{"line":58,"column":2},"end":{"line":58,"column":7}},"loc":{"start":{"line":61,"column":28},"end":{"line":67,"column":3}}},"6":{"name":"(anonymous_10)","decl":{"start":{"line":72,"column":2},"end":{"line":72,"column":7}},"loc":{"start":{"line":72,"column":86},"end":{"line":77,"column":3}}},"7":{"name":"(anonymous_11)","decl":{"start":{"line":81,"column":2},"end":{"line":81,"column":7}},"loc":{"start":{"line":81,"column":17},"end":{"line":83,"column":3}}}},"branchMap":{},"s":{"0":0,"1":0,"2":0,"3":0,"4":0,"5":0,"6":0,"7":0,"8":0,"9":0,"10":0,"11":0,"12":0,"13":0,"14":0,"15":0,"16":0,"17":0,"18":0,"19":0,"20":0,"21":0,"22":0,"23":0},"f":{"0":0,"1":0,"2":0,"3":0,"4":0,"5":0,"6":0,"7":0},"b":{}}
,"C:\\Users\\NACHO\\Downloads\\rdam-backend\\src\\gestion\\gestion.module.ts": {"path":"C:\\Users\\NACHO\\Downloads\\rdam-backend\\src\\gestion\\gestion.module.ts","statementMap":{"0":{"start":{"line":1,"column":0},"end":{"line":1,"column":40}},"1":{"start":{"line":2,"column":0},"end":{"line":2,"column":51}},"2":{"start":{"line":3,"column":0},"end":{"line":3,"column":57}},"3":{"start":{"line":4,"column":0},"end":{"line":4,"column":55}},"4":{"start":{"line":5,"column":0},"end":{"line":5,"column":59}},"5":{"start":{"line":6,"column":0},"end":{"line":6,"column":51}},"6":{"start":{"line":13,"column":7},"end":{"line":13,"column":null}},"7":{"start":{"line":13,"column":13},"end":{"line":13,"column":26}},"8":{"start":{"line":13,"column":13},"end":{"line":13,"column":null}}},"fnMap":{},"branchMap":{},"s":{"0":0,"1":0,"2":0,"3":0,"4":0,"5":0,"6":0,"7":0,"8":0},"f":{},"b":{}}
,"C:\\Users\\NACHO\\Downloads\\rdam-backend\\src\\gestion\\gestion.service.ts": {"path":"C:\\Users\\NACHO\\Downloads\\rdam-backend\\src\\gestion\\gestion.service.ts","statementMap":{"0":{"start":{"line":1,"column":0},"end":{"line":1,"column":null}},"1":{"start":{"line":8,"column":0},"end":{"line":8,"column":47}},"2":{"start":{"line":9,"column":0},"end":{"line":9,"column":57}},"3":{"start":{"line":10,"column":0},"end":{"line":10,"column":55}},"4":{"start":{"line":11,"column":0},"end":{"line":11,"column":59}},"5":{"start":{"line":12,"column":0},"end":{"line":12,"column":51}},"6":{"start":{"line":14,"column":0},"end":{"line":14,"column":33}},"7":{"start":{"line":18,"column":27},"end":{"line":327,"column":null}},"8":{"start":{"line":22,"column":21},"end":{"line":22,"column":29}},"9":{"start":{"line":23,"column":21},"end":{"line":23,"column":29}},"10":{"start":{"line":24,"column":21},"end":{"line":24,"column":28}},"11":{"start":{"line":25,"column":21},"end":{"line":25,"column":30}},"12":{"start":{"line":26,"column":21},"end":{"line":26,"column":26}},"13":{"start":{"line":19,"column":19},"end":{"line":19,"column":60}},"14":{"start":{"line":32,"column":87},"end":{"line":32,"column":90}},"15":{"start":{"line":33,"column":17},"end":{"line":33,"column":35}},"16":{"start":{"line":35,"column":46},"end":{"line":35,"column":48}},"17":{"start":{"line":36,"column":4},"end":{"line":36,"column":60}},"18":{"start":{"line":36,"column":21},"end":{"line":36,"column":60}},"19":{"start":{"line":37,"column":4},"end":{"line":37,"column":51}},"20":{"start":{"line":37,"column":21},"end":{"line":37,"column":51}},"21":{"start":{"line":38,"column":4},"end":{"line":38,"column":59}},"22":{"start":{"line":38,"column":21},"end":{"line":38,"column":59}},"23":{"start":{"line":39,"column":4},"end":{"line":44,"column":5}},"24":{"start":{"line":40,"column":6},"end":{"line":43,"column":8}},"25":{"start":{"line":46,"column":26},"end":{"line":59,"column":6}},"26":{"start":{"line":61,"column":4},"end":{"line":61,"column":49}},"27":{"start":{"line":67,"column":22},"end":{"line":82,"column":6}},"28":{"start":{"line":84,"column":4},"end":{"line":84,"column":75}},"29":{"start":{"line":84,"column":20},"end":{"line":84,"column":75}},"30":{"start":{"line":87,"column":27},"end":{"line":91,"column":null}},"31":{"start":{"line":88,"column":43},"end":{"line":91,"column":8}},"32":{"start":{"line":94,"column":4},"end":{"line":94,"column":54}},"33":{"start":{"line":100,"column":22},"end":{"line":100,"column":54}},"34":{"start":{"line":102,"column":4},"end":{"line":107,"column":5}},"35":{"start":{"line":103,"column":6},"end":{"line":106,"column":9}},"36":{"start":{"line":109,"column":4},"end":{"line":114,"column":5}},"37":{"start":{"line":110,"column":6},"end":{"line":113,"column":9}},"38":{"start":{"line":116,"column":24},"end":{"line":120,"column":6}},"39":{"start":{"line":122,"column":4},"end":{"line":122,"column":91}},"40":{"start":{"line":123,"column":4},"end":{"line":123,"column":23}},"41":{"start":{"line":129,"column":22},"end":{"line":129,"column":54}},"42":{"start":{"line":131,"column":4},"end":{"line":136,"column":5}},"43":{"start":{"line":132,"column":6},"end":{"line":135,"column":9}},"44":{"start":{"line":138,"column":4},"end":{"line":143,"column":5}},"45":{"start":{"line":139,"column":6},"end":{"line":142,"column":9}},"46":{"start":{"line":145,"column":24},"end":{"line":152,"column":6}},"47":{"start":{"line":154,"column":4},"end":{"line":161,"column":68}},"48":{"start":{"line":161,"column":20},"end":{"line":161,"column":66}},"49":{"start":{"line":163,"column":4},"end":{"line":163,"column":94}},"50":{"start":{"line":164,"column":4},"end":{"line":164,"column":23}},"51":{"start":{"line":170,"column":22},"end":{"line":170,"column":54}},"52":{"start":{"line":172,"column":4},"end":{"line":177,"column":5}},"53":{"start":{"line":173,"column":6},"end":{"line":176,"column":9}},"54":{"start":{"line":180,"column":27},"end":{"line":180,"column":71}},"55":{"start":{"line":181,"column":27},"end":{"line":183,"column":37}},"56":{"start":{"line":185,"column":27},"end":{"line":185,"column":37}},"57":{"start":{"line":186,"column":27},"end":{"line":186,"column":47}},"58":{"start":{"line":187,"column":4},"end":{"line":187,"column":63}},"59":{"start":{"line":190,"column":21},"end":{"line":190,"column":59}},"60":{"start":{"line":193,"column":4},"end":{"line":193,"column":71}},"61":{"start":{"line":194,"column":22},"end":{"line":202,"column":6}},"62":{"start":{"line":205,"column":20},"end":{"line":205,"column":81}},"63":{"start":{"line":208,"column":24},"end":{"line":218,"column":6}},"64":{"start":{"line":221,"column":4},"end":{"line":229,"column":82}},"65":{"start":{"line":229,"column":20},"end":{"line":229,"column":80}},"66":{"start":{"line":231,"column":4},"end":{"line":231,"column":94}},"67":{"start":{"line":232,"column":4},"end":{"line":232,"column":23}},"68":{"start":{"line":238,"column":22},"end":{"line":238,"column":54}},"69":{"start":{"line":240,"column":4},"end":{"line":245,"column":5}},"70":{"start":{"line":241,"column":6},"end":{"line":244,"column":9}},"71":{"start":{"line":247,"column":27},"end":{"line":247,"column":71}},"72":{"start":{"line":248,"column":27},"end":{"line":250,"column":37}},"73":{"start":{"line":252,"column":27},"end":{"line":252,"column":65}},"74":{"start":{"line":253,"column":27},"end":{"line":253,"column":37}},"75":{"start":{"line":254,"column":4},"end":{"line":254,"column":59}},"76":{"start":{"line":257,"column":22},"end":{"line":265,"column":6}},"77":{"start":{"line":267,"column":20},"end":{"line":267,"column":81}},"78":{"start":{"line":269,"column":24},"end":{"line":278,"column":6}},"79":{"start":{"line":280,"column":4},"end":{"line":288,"column":77}},"80":{"start":{"line":288,"column":20},"end":{"line":288,"column":75}},"81":{"start":{"line":290,"column":4},"end":{"line":290,"column":96}},"82":{"start":{"line":291,"column":4},"end":{"line":291,"column":23}},"83":{"start":{"line":297,"column":43},"end":{"line":307,"column":6}},"84":{"start":{"line":309,"column":46},"end":{"line":309,"column":48}},"85":{"start":{"line":310,"column":4},"end":{"line":312,"column":5}},"86":{"start":{"line":311,"column":6},"end":{"line":311,"column":43}},"87":{"start":{"line":314,"column":4},"end":{"line":314,"column":45}},"88":{"start":{"line":320,"column":14},"end":{"line":323,"column":6}},"89":{"start":{"line":324,"column":4},"end":{"line":324,"column":67}},"90":{"start":{"line":324,"column":12},"end":{"line":324,"column":67}},"91":{"start":{"line":325,"column":4},"end":{"line":325,"column":13}},"92":{"start":{"line":18,"column":13},"end":{"line":18,"column":27}},"93":{"start":{"line":18,"column":13},"end":{"line":327,"column":null}}},"fnMap":{"0":{"name":"(anonymous_2)","decl":{"start":{"line":21,"column":2},"end":{"line":21,"column":null}},"loc":{"start":{"line":26,"column":36},"end":{"line":27,"column":6}}},"1":{"name":"(anonymous_3)","decl":{"start":{"line":31,"column":2},"end":{"line":31,"column":7}},"loc":{"start":{"line":31,"column":47},"end":{"line":62,"column":3}}},"2":{"name":"(anonymous_4)","decl":{"start":{"line":66,"column":2},"end":{"line":66,"column":7}},"loc":{"start":{"line":66,"column":26},"end":{"line":95,"column":3}}},"3":{"name":"(anonymous_5)","decl":{"start":{"line":88,"column":29},"end":{"line":88,"column":34}},"loc":{"start":{"line":88,"column":43},"end":{"line":91,"column":8}}},"4":{"name":"(anonymous_6)","decl":{"start":{"line":99,"column":2},"end":{"line":99,"column":7}},"loc":{"start":{"line":99,"column":44},"end":{"line":124,"column":3}}},"5":{"name":"(anonymous_7)","decl":{"start":{"line":128,"column":2},"end":{"line":128,"column":7}},"loc":{"start":{"line":128,"column":65},"end":{"line":165,"column":3}}},"6":{"name":"(anonymous_8)","decl":{"start":{"line":161,"column":13},"end":{"line":161,"column":14}},"loc":{"start":{"line":161,"column":20},"end":{"line":161,"column":66}}},"7":{"name":"(anonymous_9)","decl":{"start":{"line":169,"column":2},"end":{"line":169,"column":7}},"loc":{"start":{"line":169,"column":66},"end":{"line":233,"column":3}}},"8":{"name":"(anonymous_10)","decl":{"start":{"line":229,"column":13},"end":{"line":229,"column":14}},"loc":{"start":{"line":229,"column":20},"end":{"line":229,"column":80}}},"9":{"name":"(anonymous_11)","decl":{"start":{"line":237,"column":2},"end":{"line":237,"column":7}},"loc":{"start":{"line":237,"column":53},"end":{"line":292,"column":3}}},"10":{"name":"(anonymous_12)","decl":{"start":{"line":288,"column":13},"end":{"line":288,"column":14}},"loc":{"start":{"line":288,"column":20},"end":{"line":288,"column":75}}},"11":{"name":"(anonymous_13)","decl":{"start":{"line":296,"column":2},"end":{"line":296,"column":7}},"loc":{"start":{"line":296,"column":20},"end":{"line":315,"column":3}}},"12":{"name":"(anonymous_14)","decl":{"start":{"line":319,"column":10},"end":{"line":319,"column":15}},"loc":{"start":{"line":319,"column":44},"end":{"line":326,"column":3}}}},"branchMap":{"0":{"loc":{"start":{"line":32,"column":62},"end":{"line":32,"column":70}},"type":"default-arg","locations":[{"start":{"line":32,"column":69},"end":{"line":32,"column":70}}]},"1":{"loc":{"start":{"line":32,"column":72},"end":{"line":32,"column":82}},"type":"default-arg","locations":[{"start":{"line":32,"column":80},"end":{"line":32,"column":82}}]},"2":{"loc":{"start":{"line":36,"column":4},"end":{"line":36,"column":60}},"type":"if","locations":[{"start":{"line":36,"column":4},"end":{"line":36,"column":60}}]},"3":{"loc":{"start":{"line":37,"column":4},"end":{"line":37,"column":51}},"type":"if","locations":[{"start":{"line":37,"column":4},"end":{"line":37,"column":51}}]},"4":{"loc":{"start":{"line":38,"column":4},"end":{"line":38,"column":59}},"type":"if","locations":[{"start":{"line":38,"column":4},"end":{"line":38,"column":59}}]},"5":{"loc":{"start":{"line":39,"column":4},"end":{"line":44,"column":5}},"type":"if","locations":[{"start":{"line":39,"column":4},"end":{"line":44,"column":5}}]},"6":{"loc":{"start":{"line":39,"column":8},"end":{"line":39,"column":32}},"type":"binary-expr","locations":[{"start":{"line":39,"column":8},"end":{"line":39,"column":18}},{"start":{"line":39,"column":22},"end":{"line":39,"column":32}}]},"7":{"loc":{"start":{"line":41,"column":12},"end":{"line":41,"column":59}},"type":"cond-expr","locations":[{"start":{"line":41,"column":25},"end":{"line":41,"column":54}},{"start":{"line":41,"column":57},"end":{"line":41,"column":59}}]},"8":{"loc":{"start":{"line":42,"column":12},"end":{"line":42,"column":59}},"type":"cond-expr","locations":[{"start":{"line":42,"column":25},"end":{"line":42,"column":54}},{"start":{"line":42,"column":57},"end":{"line":42,"column":59}}]},"9":{"loc":{"start":{"line":84,"column":4},"end":{"line":84,"column":75}},"type":"if","locations":[{"start":{"line":84,"column":4},"end":{"line":84,"column":75}}]},"10":{"loc":{"start":{"line":102,"column":4},"end":{"line":107,"column":5}},"type":"if","locations":[{"start":{"line":102,"column":4},"end":{"line":107,"column":5}}]},"11":{"loc":{"start":{"line":109,"column":4},"end":{"line":114,"column":5}},"type":"if","locations":[{"start":{"line":109,"column":4},"end":{"line":114,"column":5}}]},"12":{"loc":{"start":{"line":131,"column":4},"end":{"line":136,"column":5}},"type":"if","locations":[{"start":{"line":131,"column":4},"end":{"line":136,"column":5}}]},"13":{"loc":{"start":{"line":138,"column":4},"end":{"line":143,"column":5}},"type":"if","locations":[{"start":{"line":138,"column":4},"end":{"line":143,"column":5}}]},"14":{"loc":{"start":{"line":172,"column":4},"end":{"line":177,"column":5}},"type":"if","locations":[{"start":{"line":172,"column":4},"end":{"line":177,"column":5}}]},"15":{"loc":{"start":{"line":181,"column":27},"end":{"line":183,"column":37}},"type":"cond-expr","locations":[{"start":{"line":182,"column":8},"end":{"line":182,"column":37}},{"start":{"line":183,"column":8},"end":{"line":183,"column":37}}]},"16":{"loc":{"start":{"line":240,"column":4},"end":{"line":245,"column":5}},"type":"if","locations":[{"start":{"line":240,"column":4},"end":{"line":245,"column":5}}]},"17":{"loc":{"start":{"line":248,"column":27},"end":{"line":250,"column":37}},"type":"cond-expr","locations":[{"start":{"line":249,"column":8},"end":{"line":249,"column":37}},{"start":{"line":250,"column":8},"end":{"line":250,"column":37}}]},"18":{"loc":{"start":{"line":262,"column":23},"end":{"line":262,"column":57}},"type":"binary-expr","locations":[{"start":{"line":262,"column":23},"end":{"line":262,"column":43}},{"start":{"line":262,"column":47},"end":{"line":262,"column":57}}]},"19":{"loc":{"start":{"line":324,"column":4},"end":{"line":324,"column":67}},"type":"if","locations":[{"start":{"line":324,"column":4},"end":{"line":324,"column":67}}]}},"s":{"0":0,"1":0,"2":0,"3":0,"4":0,"5":0,"6":0,"7":0,"8":0,"9":0,"10":0,"11":0,"12":0,"13":0,"14":0,"15":0,"16":0,"17":0,"18":0,"19":0,"20":0,"21":0,"22":0,"23":0,"24":0,"25":0,"26":0,"27":0,"28":0,"29":0,"30":0,"31":0,"32":0,"33":0,"34":0,"35":0,"36":0,"37":0,"38":0,"39":0,"40":0,"41":0,"42":0,"43":0,"44":0,"45":0,"46":0,"47":0,"48":0,"49":0,"50":0,"51":0,"52":0,"53":0,"54":0,"55":0,"56":0,"57":0,"58":0,"59":0,"60":0,"61":0,"62":0,"63":0,"64":0,"65":0,"66":0,"67":0,"68":0,"69":0,"70":0,"71":0,"72":0,"73":0,"74":0,"75":0,"76":0,"77":0,"78":0,"79":0,"80":0,"81":0,"82":0,"83":0,"84":0,"85":0,"86":0,"87":0,"88":0,"89":0,"90":0,"91":0,"92":0,"93":0},"f":{"0":0,"1":0,"2":0,"3":0,"4":0,"5":0,"6":0,"7":0,"8":0,"9":0,"10":0,"11":0,"12":0},"b":{"0":[0],"1":[0],"2":[0],"3":[0],"4":[0],"5":[0],"6":[0,0],"7":[0,0],"8":[0,0],"9":[0],"10":[0],"11":[0],"12":[0],"13":[0],"14":[0],"15":[0,0],"16":[0],"17":[0,0],"18":[0,0],"19":[0]}}
[...]
ine":61,"column":41}},"25":{"start":{"line":62,"column":4},"end":{"line":62,"column":79}},"26":{"start":{"line":65,"column":22},"end":{"line":89,"column":6}},"27":{"start":{"line":66,"column":20},"end":{"line":78,"column":8}},"28":{"start":{"line":81,"column":6},"end":{"line":86,"column":7}},"29":{"start":{"line":82,"column":8},"end":{"line":85,"column":11}},"30":{"start":{"line":88,"column":6},"end":{"line":88,"column":19}},"31":{"start":{"line":91,"column":4},"end":{"line":91,"column":77}},"32":{"start":{"line":94,"column":4},"end":{"line":96,"column":87}},"33":{"start":{"line":96,"column":22},"end":{"line":96,"column":85}},"34":{"start":{"line":98,"column":4},"end":{"line":98,"column":21}},"35":{"start":{"line":104,"column":17},"end":{"line":104,"column":35}},"36":{"start":{"line":106,"column":26},"end":{"line":115,"column":6}},"37":{"start":{"line":117,"column":4},"end":{"line":117,"column":49}},"38":{"start":{"line":123,"column":22},"end":{"line":130,"column":6}},"39":{"start":{"line":132,"column":4},"end":{"line":132,"column":75}},"40":{"start":{"line":132,"column":20},"end":{"line":132,"column":75}},"41":{"start":{"line":133,"column":4},"end":{"line":133,"column":109}},"42":{"start":{"line":133,"column":44},"end":{"line":133,"column":109}},"43":{"start":{"line":136,"column":37},"end":{"line":136,"column":53}},"44":{"start":{"line":137,"column":4},"end":{"line":137,"column":17}},"45":{"start":{"line":143,"column":4},"end":{"line":145,"column":5}},"46":{"start":{"line":144,"column":6},"end":{"line":144,"column":76}},"47":{"start":{"line":147,"column":46},"end":{"line":149,"column":16}},"48":{"start":{"line":151,"column":24},"end":{"line":168,"column":6}},"49":{"start":{"line":170,"column":4},"end":{"line":170,"column":87}},"50":{"start":{"line":170,"column":29},"end":{"line":170,"column":87}},"51":{"start":{"line":171,"column":4},"end":{"line":171,"column":23}},"52":{"start":{"line":177,"column":22},"end":{"line":180,"column":6}},"53":{"start":{"line":182,"column":4},"end":{"line":182,"column":75}},"54":{"start":{"line":182,"column":20},"end":{"line":182,"column":75}},"55":{"start":{"line":183,"column":4},"end":{"line":183,"column":75}},"56":{"start":{"line":183,"column":44},"end":{"line":183,"column":75}},"57":{"start":{"line":184,"column":4},"end":{"line":186,"column":5}},"58":{"start":{"line":185,"column":6},"end":{"line":185,"column":130}},"59":{"start":{"line":188,"column":4},"end":{"line":188,"column":21}},"60":{"start":{"line":16,"column":13},"end":{"line":16,"column":31}},"61":{"start":{"line":16,"column":13},"end":{"line":190,"column":null}}},"fnMap":{"0":{"name":"(anonymous_2)","decl":{"start":{"line":19,"column":2},"end":{"line":19,"column":null}},"loc":{"start":{"line":22,"column":40},"end":{"line":23,"column":6}}},"1":{"name":"(anonymous_3)","decl":{"start":{"line":27,"column":2},"end":{"line":27,"column":7}},"loc":{"start":{"line":27,"column":73},"end":{"line":99,"column":3}}},"2":{"name":"(anonymous_4)","decl":{"start":{"line":46,"column":41},"end":{"line":46,"column":42}},"loc":{"start":{"line":46,"column":53},"end":{"line":46,"column":73}}},"3":{"name":"(anonymous_5)","decl":{"start":{"line":65,"column":53},"end":{"line":65,"column":58}},"loc":{"start":{"line":65,"column":66},"end":{"line":89,"column":5}}},"4":{"name":"(anonymous_6)","decl":{"start":{"line":96,"column":13},"end":{"line":96,"column":14}},"loc":{"start":{"line":96,"column":22},"end":{"line":96,"column":85}}},"5":{"name":"(anonymous_7)","decl":{"start":{"line":103,"column":2},"end":{"line":103,"column":7}},"loc":{"start":{"line":103,"column":63},"end":{"line":118,"column":3}}},"6":{"name":"(anonymous_8)","decl":{"start":{"line":122,"column":2},"end":{"line":122,"column":7}},"loc":{"start":{"line":122,"column":50},"end":{"line":138,"column":3}}},"7":{"name":"(anonymous_9)","decl":{"start":{"line":142,"column":2},"end":{"line":142,"column":7}},"loc":{"start":{"line":142,"column":58},"end":{"line":172,"column":3}}},"8":{"name":"(anonymous_10)","decl":{"start":{"line":176,"column":2},"end":{"line":176,"column":7}},"loc":{"start":{"line":176,"column":71},"end":{"line":189,"column":3}}}},"branchMap":{"0":{"loc":{"start":{"line":32,"column":4},"end":{"line":34,"column":5}},"type":"if","locations":[{"start":{"line":32,"column":4},"end":{"line":34,"column":5}}]},"1":{"loc":{"start":{"line":37,"column":4},"end":{"line":50,"column":5}},"type":"if","locations":[{"start":{"line":37,"column":4},"end":{"line":50,"column":5}}]},"2":{"loc":{"start":{"line":41,"column":6},"end":{"line":43,"column":7}},"type":"if","locations":[{"start":{"line":41,"column":6},"end":{"line":43,"column":7}}]},"3":{"loc":{"start":{"line":47,"column":6},"end":{"line":49,"column":7}},"type":"if","locations":[{"start":{"line":47,"column":6},"end":{"line":49,"column":7}}]},"4":{"loc":{"start":{"line":60,"column":28},"end":{"line":60,"column":93}},"type":"cond-expr","locations":[{"start":{"line":60,"column":36},"end":{"line":60,"column":63}},{"start":{"line":60,"column":66},"end":{"line":60,"column":93}}]},"5":{"loc":{"start":{"line":81,"column":6},"end":{"line":86,"column":7}},"type":"if","locations":[{"start":{"line":81,"column":6},"end":{"line":86,"column":7}}]},"6":{"loc":{"start":{"line":103,"column":43},"end":{"line":103,"column":51}},"type":"default-arg","locations":[{"start":{"line":103,"column":50},"end":{"line":103,"column":51}}]},"7":{"loc":{"start":{"line":103,"column":53},"end":{"line":103,"column":63}},"type":"default-arg","locations":[{"start":{"line":103,"column":61},"end":{"line":103,"column":63}}]},"8":{"loc":{"start":{"line":132,"column":4},"end":{"line":132,"column":75}},"type":"if","locations":[{"start":{"line":132,"column":4},"end":{"line":132,"column":75}}]},"9":{"loc":{"start":{"line":133,"column":4},"end":{"line":133,"column":109}},"type":"if","locations":[{"start":{"line":133,"column":4},"end":{"line":133,"column":109}}]},"10":{"loc":{"start":{"line":143,"column":4},"end":{"line":145,"column":5}},"type":"if","locations":[{"start":{"line":143,"column":4},"end":{"line":145,"column":5}}]},"11":{"loc":{"start":{"line":143,"column":8},"end":{"line":143,"column":28}},"type":"binary-expr","locations":[{"start":{"line":143,"column":8},"end":{"line":143,"column":19}},{"start":{"line":143,"column":23},"end":{"line":143,"column":28}}]},"12":{"loc":{"start":{"line":147,"column":46},"end":{"line":149,"column":16}},"type":"cond-expr","locations":[{"start":{"line":148,"column":8},"end":{"line":148,"column":22}},{"start":{"line":149,"column":8},"end":{"line":149,"column":16}}]},"13":{"loc":{"start":{"line":170,"column":4},"end":{"line":170,"column":87}},"type":"if","locations":[{"start":{"line":170,"column":4},"end":{"line":170,"column":87}}]},"14":{"loc":{"start":{"line":182,"column":4},"end":{"line":182,"column":75}},"type":"if","locations":[{"start":{"line":182,"column":4},"end":{"line":182,"column":75}}]},"15":{"loc":{"start":{"line":183,"column":4},"end":{"line":183,"column":75}},"type":"if","locations":[{"start":{"line":183,"column":4},"end":{"line":183,"column":75}}]},"16":{"loc":{"start":{"line":184,"column":4},"end":{"line":186,"column":5}},"type":"if","locations":[{"start":{"line":184,"column":4},"end":{"line":186,"column":5}}]}},"s":{"0":0,"1":0,"2":0,"3":0,"4":0,"5":0,"6":0,"7":0,"8":0,"9":0,"10":0,"11":0,"12":0,"13":0,"14":0,"15":0,"16":0,"17":0,"18":0,"19":0,"20":0,"21":0,"22":0,"23":0,"24":0,"25":0,"26":0,"27":0,"28":0,"29":0,"30":0,"31":0,"32":0,"33":0,"34":0,"35":0,"36":0,"37":0,"38":0,"39":0,"40":0,"41":0,"42":0,"43":0,"44":0,"45":0,"46":0,"47":0,"48":0,"49":0,"50":0,"51":0,"52":0,"53":0,"54":0,"55":0,"56":0,"57":0,"58":0,"59":0,"60":0,"61":0},"f":{"0":0,"1":0,"2":0,"3":0,"4":0,"5":0,"6":0,"7":0,"8":0},"b":{"0":[0],"1":[0],"2":[0],"3":[0],"4":[0,0],"5":[0],"6":[0],"7":[0],"8":[0],"9":[0],"10":[0],"11":[0,0],"12":[0,0],"13":[0],"14":[0],"15":[0],"16":[0]}}
,"C:\\Users\\NACHO\\Downloads\\rdam-backend\\src\\solicitudes\\dto\\solicitudes.dto.ts": {"path":"C:\\Users\\NACHO\\Downloads\\rdam-backend\\src\\solicitudes\\dto\\solicitudes.dto.ts","statementMap":{"0":{"start":{"line":2,"column":0},"end":{"line":2,"column":99}},"1":{"start":{"line":3,"column":0},"end":{"line":3,"column":67}},"2":{"start":{"line":4,"column":0},"end":{"line":4,"column":41}},"3":{"start":{"line":6,"column":0},"end":{"line":6,"column":13}},"4":{"start":{"line":10,"column":2},"end":{"line":10,"column":null}},"5":{"start":{"line":14,"column":2},"end":{"line":14,"column":null}},"6":{"start":{"line":18,"column":2},"end":{"line":18,"column":null}},"7":{"start":{"line":23,"column":2},"end":{"line":23,"column":null}},"8":{"start":{"line":28,"column":2},"end":{"line":28,"column":null}},"9":{"start":{"line":34,"column":2},"end":{"line":34,"column":null}},"10":{"start":{"line":37,"column":0},"end":{"line":37,"column":13}},"11":{"start":{"line":41,"column":2},"end":{"line":41,"column":null}},"12":{"start":{"line":46,"column":2},"end":{"line":46,"column":null}},"13":{"start":{"line":55,"column":2},"end":{"line":55,"column":20}},"14":{"start":{"line":63,"column":2},"end":{"line":63,"column":22}},"15":{"start":{"line":49,"column":0},"end":{"line":49,"column":13}},"16":{"start":{"line":55,"column":2},"end":{"line":55,"column":null}},"17":{"start":{"line":52,"column":14},"end":{"line":52,"column":20}},"18":{"start":{"line":63,"column":2},"end":{"line":63,"column":null}},"19":{"start":{"line":59,"column":14},"end":{"line":59,"column":20}}},"fnMap":{"0":{"name":"(anonymous_2)","decl":{"start":{"line":49,"column":0},"end":{"line":49,"column":13}},"loc":{"start":{"line":49,"column":0},"end":{"line":64,"column":1}}},"1":{"name":"(anonymous_3)","decl":{"start":{"line":52,"column":8},"end":{"line":52,"column":11}},"loc":{"start":{"line":52,"column":14},"end":{"line":52,"column":20}}},"2":{"name":"(anonymous_4)","decl":{"start":{"line":59,"column":8},"end":{"line":59,"column":11}},"loc":{"start":{"line":59,"column":14},"end":{"line":59,"column":20}}}},"branchMap":{},"s":{"0":0,"1":0,"2":0,"3":0,"4":0,"5":0,"6":0,"7":0,"8":0,"9":0,"10":0,"11":0,"12":0,"13":0,"14":0,"15":0,"16":0,"17":0,"18":0,"19":0},"f":{"0":0,"1":0,"2":0},"b":{}}
,"C:\\Users\\NACHO\\Downloads\\rdam-backend\\src\\usuarios\\usuarios.module.ts": {"path":"C:\\Users\\NACHO\\Downloads\\rdam-backend\\src\\usuarios\\usuarios.module.ts","statementMap":{"0":{"start":{"line":1,"column":0},"end":{"line":1,"column":null}},"1":{"start":{"line":7,"column":0},"end":{"line":7,"column":71}},"2":{"start":{"line":8,"column":0},"end":{"line":8,"column":83}},"3":{"start":{"line":9,"column":0},"end":{"line":9,"column":67}},"4":{"start":{"line":10,"column":0},"end":{"line":10,"column":33}},"5":{"start":{"line":11,"column":0},"end":{"line":11,"column":57}},"6":{"start":{"line":12,"column":0},"end":{"line":12,"column":71}},"7":{"start":{"line":13,"column":0},"end":{"line":13,"column":73}},"8":{"start":{"line":14,"column":0},"end":{"line":14,"column":44}},"9":{"start":{"line":21,"column":2},"end":{"line":21,"column":null}},"10":{"start":{"line":25,"column":2},"end":{"line":25,"column":null}},"11":{"start":{"line":30,"column":2},"end":{"line":30,"column":null}},"12":{"start":{"line":34,"column":2},"end":{"line":34,"column":null}},"13":{"start":{"line":41,"column":2},"end":{"line":41,"column":null}},"14":{"start":{"line":46,"column":2},"end":{"line":46,"column":null}},"15":{"start":{"line":50,"column":2},"end":{"line":50,"column":null}},"16":{"start":{"line":57,"column":2},"end":{"line":57,"column":null}},"17":{"start":{"line":63,"column":28},"end":{"line":173,"column":null}},"18":{"start":{"line":66,"column":31},"end":{"line":66,"column":39}},"19":{"start":{"line":64,"column":19},"end":{"line":64,"column":61}},"20":{"start":{"line":68,"column":19},"end":{"line":81,"column":4}},"21":{"start":{"line":84,"column":4},"end":{"line":88,"column":7}},"22":{"start":{"line":92,"column":22},"end":{"line":94,"column":6}},"23":{"start":{"line":95,"column":4},"end":{"line":100,"column":5}},"24":{"start":{"line":96,"column":6},"end":{"line":99,"column":9}},"25":{"start":{"line":102,"column":25},"end":{"line":102,"column":60}},"26":{"start":{"line":103,"column":20},"end":{"line":112,"column":6}},"27":{"start":{"line":114,"column":4},"end":{"line":114,"column":72}},"28":{"start":{"line":115,"column":4},"end":{"line":115,"column":19}},"29":{"start":{"line":119,"column":20},"end":{"line":119,"column":82}},"30":{"start":{"line":120,"column":4},"end":{"line":120,"column":71}},"31":{"start":{"line":120,"column":18},"end":{"line":120,"column":71}},"32":{"start":{"line":123,"column":4},"end":{"line":125,"column":5}},"33":{"start":{"line":124,"column":6},"end":{"line":124,"column":75}},"34":{"start":{"line":127,"column":24},"end":{"line":131,"column":6}},"35":{"start":{"line":133,"column":4},"end":{"line":133,"column":70}},"36":{"start":{"line":134,"column":4},"end":{"line":134,"column":23}},"37":{"start":{"line":138,"column":20},"end":{"line":138,"column":82}},"38":{"start":{"line":139,"column":4},"end":{"line":139,"column":71}},"39":{"start":{"line":139,"column":18},"end":{"line":139,"column":71}},"40":{"start":{"line":141,"column":25},"end":{"line":141,"column":65}},"41":{"start":{"line":142,"column":4},"end":{"line":145,"column":7}},"42":{"start":{"line":147,"column":4},"end":{"line":147,"column":79}},"43":{"start":{"line":148,"column":4},"end":{"line":148,"column":30}},"44":{"start":{"line":152,"column":20},"end":{"line":152,"column":82}},"45":{"start":{"line":153,"column":4},"end":{"line":153,"column":71}},"46":{"start":{"line":153,"column":18},"end":{"line":153,"column":71}},"47":{"start":{"line":155,"column":4},"end":{"line":157,"column":5}},"48":{"start":{"line":156,"column":6},"end":{"line":156,"column":73}},"49":{"start":{"line":160,"column":4},"end":{"line":168,"column":7}},"50":{"start":{"line":170,"column":4},"end":{"line":170,"column":75}},"51":{"start":{"line":171,"column":4},"end":{"line":171,"column":31}},"52":{"start":{"line":63,"column":13},"end":{"line":63,"column":28}},"53":{"start":{"line":63,"column":13},"end":{"line":173,"column":null}},"54":{"start":{"line":182,"column":7},"end":{"line":231,"column":null}},"55":{"start":{"line":183,"column":31},"end":{"line":183,"column":40}},"56":{"start":{"line":188,"column":4},"end":{"line":188,"column":65}},"57":{"start":{"line":194,"column":4},"end":{"line":194,"column":87}},"58":{"start":{"line":204,"column":4},"end":{"line":204,"column":69}},"59":{"start":{"line":215,"column":4},"end":{"line":215,"column":74}},"60":{"start":{"line":222,"column":4},"end":{"line":222,"column":95}},"61":{"start":{"line":229,"column":4},"end":{"line":229,"column":95}},"62":{"start":{"line":182,"column":13},"end":{"line":182,"column":31}},"63":{"start":{"line":187,"column":8},"end":{"line":189,"column":null}},"64":{"start":{"line":193,"column":8},"end":{"line":195,"column":null}},"65":{"start":{"line":199,"column":8},"end":{"line":205,"column":null}},"66":{"start":{"line":210,"column":8},"end":{"line":216,"column":null}},"67":{"start":{"line":221,"column":8},"end":{"line":223,"column":null}},"68":{"start":{"line":228,"column":8},"end":{"line":230,"column":null}},"69":{"start":{"line":182,"column":13},"end":{"line":231,"column":null}},"70":{"start":{"line":239,"column":7},"end":{"line":239,"column":null}},"71":{"start":{"line":239,"column":13},"end":{"line":239,"column":27}},"72":{"start":{"line":239,"column":13},"end":{"line":239,"column":null}}},"fnMap":{"0":{"name":"(anonymous_4)","decl":{"start":{"line":66,"column":2},"end":{"line":66,"column":31}},"loc":{"start":{"line":66,"column":52},"end":{"line":66,"column":56}}},"1":{"name":"(anonymous_5)","decl":{"start":{"line":83,"column":2},"end":{"line":83,"column":7}},"loc":{"start":{"line":83,"column":33},"end":{"line":89,"column":3}}},"2":{"name":"(anonymous_6)","decl":{"start":{"line":91,"column":2},"end":{"line":91,"column":7}},"loc":{"start":{"line":91,"column":51},"end":{"line":116,"column":3}}},"3":{"name":"(anonymous_7)","decl":{"start":{"line":118,"column":2},"end":{"line":118,"column":7}},"loc":{"start":{"line":118,"column":73},"end":{"line":135,"column":3}}},"4":{"name":"(anonymous_8)","decl":{"start":{"line":137,"column":2},"end":{"line":137,"column":7}},"loc":{"start":{"line":137,"column":76},"end":{"line":149,"column":3}}},"5":{"name":"(anonymous_9)","decl":{"start":{"line":151,"column":2},"end":{"line":151,"column":7}},"loc":{"start":{"line":151,"column":44},"end":{"line":172,"column":3}}},"6":{"name":"(anonymous_10)","decl":{"start":{"line":183,"column":2},"end":{"line":183,"column":31}},"loc":{"start":{"line":183,"column":55},"end":{"line":183,"column":59}}},"7":{"name":"(anonymous_11)","decl":{"start":{"line":187,"column":2},"end":{"line":187,"column":7}},"loc":{"start":{"line":187,"column":45},"end":{"line":189,"column":3}}},"8":{"name":"(anonymous_12)","decl":{"start":{"line":193,"column":2},"end":{"line":193,"column":7}},"loc":{"start":{"line":193,"column":68},"end":{"line":195,"column":3}}},"9":{"name":"(anonymous_13)","decl":{"start":{"line":199,"column":2},"end":{"line":199,"column":7}},"loc":{"start":{"line":202,"column":28},"end":{"line":205,"column":3}}},"10":{"name":"(anonymous_14)","decl":{"start":{"line":210,"column":2},"end":{"line":210,"column":7}},"loc":{"start":{"line":213,"column":28},"end":{"line":216,"column":3}}},"11":{"name":"(anonymous_15)","decl":{"start":{"line":221,"column":2},"end":{"line":221,"column":7}},"loc":{"start":{"line":221,"column":80},"end":{"line":223,"column":3}}},"12":{"name":"(anonymous_16)","decl":{"start":{"line":228,"column":2},"end":{"line":228,"column":7}},"loc":{"start":{"line":228,"column":86},"end":{"line":230,"column":3}}}},"branchMap":{"0":{"loc":{"start":{"line":83,"column":15},"end":{"line":83,"column":33}},"type":"default-arg","locations":[{"start":{"line":83,"column":29},"end":{"line":83,"column":33}}]},"1":{"loc":{"start":{"line":85,"column":15},"end":{"line":85,"column":67}},"type":"cond-expr","locations":[{"start":{"line":85,"column":29},"end":{"line":85,"column":62}},{"start":{"line":85,"column":65},"end":{"line":85,"column":67}}]},"2":{"loc":{"start":{"line":95,"column":4},"end":{"line":100,"column":5}},"type":"if","locations":[{"start":{"line":95,"column":4},"end":{"line":100,"column":5}}]},"3":{"loc":{"start":{"line":120,"column":4},"end":{"line":120,"column":71}},"type":"if","locations":[{"start":{"line":120,"column":4},"end":{"line":120,"column":71}}]},"4":{"loc":{"start":{"line":123,"column":4},"end":{"line":125,"column":5}},"type":"if","locations":[{"start":{"line":123,"column":4},"end":{"line":125,"column":5}}]},"5":{"loc":{"start":{"line":123,"column":8},"end":{"line":123,"column":46}},"type":"binary-expr","locations":[{"start":{"line":123,"column":8},"end":{"line":123,"column":22}},{"start":{"line":123,"column":26},"end":{"line":123,"column":46}}]},"6":{"loc":{"start":{"line":139,"column":4},"end":{"line":139,"column":71}},"type":"if","locations":[{"start":{"line":139,"column":4},"end":{"line":139,"column":71}}]},"7":{"loc":{"start":{"line":153,"column":4},"end":{"line":153,"column":71}},"type":"if","locations":[{"start":{"line":153,"column":4},"end":{"line":153,"column":71}}]},"8":{"loc":{"start":{"line":155,"column":4},"end":{"line":157,"column":5}},"type":"if","locations":[{"start":{"line":155,"column":4},"end":{"line":157,"column":5}}]}},"s":{"0":0,"1":0,"2":0,"3":0,"4":0,"5":0,"6":0,"7":0,"8":0,"9":0,"10":0,"11":0,"12":0,"13":0,"14":0,"15":0,"16":0,"17":0,"18":0,"19":0,"20":0,"21":0,"22":0,"23":0,"24":0,"25":0,"26":0,"27":0,"28":0,"29":0,"30":0,"31":0,"32":0,"33":0,"34":0,"35":0,"36":0,"37":0,"38":0,"39":0,"40":0,"41":0,"42":0,"43":0,"44":0,"45":0,"46":0,"47":0,"48":0,"49":0,"50":0,"51":0,"52":0,"53":0,"54":0,"55":0,"56":0,"57":0,"58":0,"59":0,"60":0,"61":0,"62":0,"63":0,"64":0,"65":0,"66":0,"67":0,"68":0,"69":0,"70":0,"71":0,"72":0},"f":{"0":0,"1":0,"2":0,"3":0,"4":0,"5":0,"6":0,"7":0,"8":0,"9":0,"10":0,"11":0,"12":0},"b":{"0":[0],"1":[0,0],"2":[0],"3":[0],"4":[0],"5":[0,0],"6":[0],"7":[0],"8":[0]}}
}
