TN:
SF:src\app.module.ts
FNF:0
FNH:0
DA:1,0
DA:2,0
DA:3,0
DA:4,0
DA:5,0
DA:6,0
DA:7,0
DA:8,0
DA:9,0
DA:10,0
DA:11,0
DA:12,0
DA:13,0
DA:14,0
DA:50,0
LF:15
LH:0
BRF:0
BRH:0
end_of_record
TN:
SF:src\main.ts
FN:10,bootstrap
FNF:1
FNH:0
FNDA:0,bootstrap
DA:1,0
DA:2,0
DA:3,0
DA:4,0
DA:5,0
DA:6,0
DA:7,0
DA:8,0
DA:11,0
DA:13,0
DA:14,0
DA:15,0
DA:18,0
DA:19,0
DA:27,0
DA:37,0
DA:38,0
DA:40,0
DA:43,0
DA:44,0
DA:58,0
DA:59,0
DA:60,0
DA:63,0
DA:64,0
DA:67,0
LF:26
LH:0
BRDA:43,0,0,0
BRF:1
BRH:0
end_of_record
TN:
SF:src\adjuntos\adjuntos.module.ts
FN:23,(anonymous_4)
FN:28,(anonymous_5)
FN:75,(anonymous_6)
FN:94,(anonymous_7)
FN:105,(anonymous_8)
FN:120,(anonymous_9)
FNF:6
FNH:0
FNDA:0,(anonymous_4)
FNDA:0,(anonymous_5)
FNDA:0,(anonymous_6)
FNDA:0,(anonymous_7)
FNDA:0,(anonymous_8)
FNDA:0,(anonymous_9)
DA:1,0
DA:5,0
DA:6,0
DA:7,0
DA:8,0
DA:9,0
DA:10,0
DA:11,0
DA:12,0
DA:13,0
DA:16,0
DA:17,0
DA:20,0
DA:21,0
DA:24,0
DA:25,0
DA:30,0
DA:31,0
DA:32,0
DA:39,0
DA:40,0
DA:47,0
DA:48,0
DA:49,0
DA:52,0
DA:59,0
DA:71,0
DA:72,0
DA:76,0
DA:77,0
DA:78,0
DA:79,0
DA:85,0
DA:86,0
DA:87,0
DA:93,0
DA:94,0
DA:105,0
DA:109,0
DA:112,0
DA:113,0
DA:120,0
DA:121,0
DA:130,0
LF:44
LH:0
BRDA:31,0,0,0
BRDA:31,1,0,0
BRDA:31,1,1,0
BRDA:34,2,0,0
BRDA:34,2,1,0
BRDA:39,3,0,0
BRDA:77,4,0,0
BRDA:78,5,0,0
BRDA:109,6,0,0
BRF:9
BRH:0
end_of_record
TN:
SF:src\auth\auth.controller.ts
FN:17,(anonymous_4)
FN:26,(anonymous_5)
FN:35,(anonymous_6)
FN:53,(anonymous_7)
FN:75,(anonymous_8)
FN:88,(anonymous_9)
FN:95,(anonymous_10)
FNF:7
FNH:0
FNDA:0,(anonymous_4)
FNDA:0,(anonymous_5)
FNDA:0,(anonymous_6)
FNDA:0,(anonymous_7)
FNDA:0,(anonymous_8)
FNDA:0,(anonymous_9)
FNDA:0,(anonymous_10)
DA:1,0
DA:4,0
DA:6,0
DA:7,0
DA:8,0
DA:9,0
DA:10,0
DA:16,0
DA:17,0
DA:26,0
DA:27,0
DA:28,0
DA:35,0
DA:39,0
DA:40,0
DA:41,0
DA:53,0
DA:57,0
DA:58,0
DA:59,0
DA:75,0
DA:79,0
DA:80,0
DA:88,0
DA:89,0
DA:90,0
DA:96,0
LF:27
LH:0
BRF:0
BRH:0
end_of_record
TN:
SF:src\auth\auth.module.ts
FNF:0
FNH:0
DA:1,0
DA:2,0
DA:3,0
DA:4,0
DA:5,0
DA:6,0
DA:7,0
DA:8,0
DA:35,0
LF:9
LH:0
BRF:0
BRH:0
end_of_record
TN:
SF:src\auth\auth.service.ts
FN:19,(anonymous_2)
FN:28,(anonymous_3)
FN:45,(anonymous_4)
FN:85,(anonymous_5)
FN:103,(anonymous_6)
FN:139,(anonymous_7)
FNF:6
FNH:0
FNDA:0,(anonymous_2)
FNDA:0,(anonymous_3)
FNDA:0,(anonymous_4)
FNDA:0,(anonymous_5)
FNDA:0,(anonymous_6)
FNDA:0,(anonymous_7)
DA:1,0
DA:8,0
DA:9,0
DA:10,0
DA:11,0
DA:12,0
DA:16,0
DA:17,0
DA:20,0
DA:21,0
DA:22,0
DA:23,0
DA:30,0
DA:34,0
DA:35,0
DA:37,0
DA:41,0
DA:42,0
DA:49,0
DA:58,0
DA:59,0
DA:62,0
DA:63,0
DA:64,0
DA:67,0
DA:68,0
DA:72,0
DA:73,0
DA:77,0
DA:82,0
DA:86,0
DA:88,0
DA:93,0
DA:98,0
DA:107,0
DA:111,0
DA:113,0
DA:114,0
DA:117,0
DA:122,0
DA:124,0
DA:129,0
DA:134,0
DA:140,0
DA:144,0
DA:148,0
DA:153,0
LF:47
LH:0
BRDA:58,0,0,0
BRDA:63,1,0,0
BRDA:67,2,0,0
BRDA:111,3,0,0
BRDA:114,4,0,0
BRDA:140,5,0,0
BRDA:140,5,1,0
BRDA:144,6,0,0
BRDA:144,6,1,0
BRF:9
BRH:0
end_of_record
TN:
SF:src\auth\dto\auth.dto.ts
FNF:0
FNH:0
DA:1,0
DA:2,0
DA:4,0
DA:7,0
DA:10,0
DA:13,0
DA:19,0
DA:22,0
DA:25,0
DA:30,0
LF:10
LH:0
BRF:0
BRH:0
end_of_record
TN:
SF:src\auth\guards\jwt.guard.ts
FN:29,(anonymous_2)
FN:31,(anonymous_3)
FNF:2
FNH:0
FNDA:0,(anonymous_2)
FNDA:0,(anonymous_3)
DA:1,0
DA:7,0
DA:8,0
DA:10,0
DA:13,0
DA:16,0
DA:19,0
DA:28,0
DA:29,0
DA:32,0
DA:37,0
DA:39,0
DA:40,0
DA:41,0
DA:43,0
LF:15
LH:0
BRDA:37,0,0,0
BRDA:37,1,0,0
BRDA:37,1,1,0
BRDA:40,2,0,0
BRF:4
BRH:0
end_of_record
TN:
SF:src\auth\strategies\jwt.strategy.ts
FN:22,(anonymous_2)
FN:30,(anonymous_3)
FN:42,(anonymous_4)
FN:53,(anonymous_5)
FN:75,(anonymous_6)
FN:78,(anonymous_7)
FN:85,(anonymous_8)
FNF:7
FNH:0
FNDA:0,(anonymous_2)
FNDA:0,(anonymous_3)
FNDA:0,(anonymous_4)
FNDA:0,(anonymous_5)
FNDA:0,(anonymous_6)
FNDA:0,(anonymous_7)
FNDA:0,(anonymous_8)
DA:1,0
DA:2,0
DA:3,0
DA:4,0
DA:5,0
DA:21,0
DA:23,0
DA:31,0
DA:32,0
DA:41,0
DA:44,0
DA:46,0
DA:54,0
DA:56,0
DA:65,0
DA:66,0
DA:74,0
DA:76,0
DA:78,0
DA:86,0
LF:20
LH:0
BRDA:31,0,0,0
BRDA:54,1,0,0
BRDA:65,2,0,0
BRF:3
BRH:0
end_of_record
TN:
SF:src\certificados\certificados.module.ts
FN:14,(anonymous_4)
FN:19,(anonymous_5)
FN:68,(anonymous_6)
FN:83,(anonymous_7)
FNF:4
FNH:0
FNDA:0,(anonymous_4)
FNDA:0,(anonymous_5)
FNDA:0,(anonymous_6)
FNDA:0,(anonymous_7)
DA:1,0
DA:5,0
DA:7,0
DA:8,0
DA:11,0
DA:12,0
DA:15,0
DA:16,0
DA:21,0
DA:23,0
DA:35,0
DA:36,0
DA:40,0
DA:41,0
DA:47,0
DA:48,0
DA:52,0
DA:53,0
DA:54,0
DA:60,0
DA:61,0
DA:67,0
DA:68,0
DA:83,0
DA:84,0
DA:86,0
DA:94,0
DA:102,0
LF:28
LH:0
BRDA:35,0,0,0
BRDA:35,1,0,0
BRDA:35,1,1,0
BRDA:40,2,0,0
BRDA:47,3,0,0
BRDA:52,4,0,0
BRDA:52,5,0,0
BRDA:52,5,1,0
BRF:8
BRH:0
end_of_record
TN:
SF:src\common\email.service.ts
FN:10,(anonymous_2)
FN:25,(anonymous_3)
FN:29,(anonymous_4)
FN:39,(anonymous_5)
FN:47,(anonymous_6)
FN:69,(anonymous_7)
FN:84,(anonymous_8)
FN:93,(anonymous_9)
FNF:8
FNH:0
FNDA:0,(anonymous_2)
FNDA:0,(anonymous_3)
FNDA:0,(anonymous_4)
FNDA:0,(anonymous_5)
FNDA:0,(anonymous_6)
FNDA:0,(anonymous_7)
FNDA:0,(anonymous_8)
FNDA:0,(anonymous_9)
DA:1,1
DA:2,1
DA:3,1
DA:6,1
DA:7,0
DA:10,0
DA:11,0
DA:16,0
DA:17,0
DA:18,0
DA:19,0
DA:22,0
DA:26,0
DA:30,0
DA:40,0
DA:54,0
DA:55,0
DA:56,0
DA:58,0
DA:75,0
DA:85,0
DA:94,0
DA:95,0
DA:114,0
DA:117,0
LF:25
LH:4
BRDA:18,0,0,0
BRF:1
BRH:0
end_of_record
TN:
SF:src\common\pdf.service.ts
FN:19,(anonymous_2)
FN:25,(anonymous_3)
FN:54,(anonymous_4)
FN:308,(anonymous_5)
FNF:4
FNH:0
FNDA:0,(anonymous_2)
FNDA:0,(anonymous_3)
FNDA:0,(anonymous_4)
FNDA:0,(anonymous_5)
DA:1,0
DA:2,0
DA:3,0
DA:16,0
DA:17,0
DA:19,0
DA:26,0
DA:28,0
DA:30,0
DA:35,0
DA:36,0
DA:37,0
DA:39,0
DA:45,0
DA:46,0
DA:48,0
DA:55,0
DA:56,0
DA:57,0
DA:58,0
DA:60,0
DA:309,0
LF:22
LH:0
BRF:0
BRH:0
end_of_record
TN:
SF:src\common\storage.service.ts
FN:21,(anonymous_2)
FN:40,(anonymous_3)
FN:71,(anonymous_4)
FN:91,(anonymous_5)
FN:100,(anonymous_6)
FN:102,(anonymous_7)
FN:103,(anonymous_8)
FN:112,(anonymous_9)
FN:121,(anonymous_10)
FN:134,(anonymous_11)
FNF:10
FNH:0
FNDA:0,(anonymous_2)
FNDA:0,(anonymous_3)
FNDA:0,(anonymous_4)
FNDA:0,(anonymous_5)
FNDA:0,(anonymous_6)
FNDA:0,(anonymous_7)
FNDA:0,(anonymous_8)
FNDA:0,(anonymous_9)
FNDA:0,(anonymous_10)
FNDA:0,(anonymous_11)
DA:1,0
DA:2,0
DA:3,0
DA:10,0
DA:11,0
DA:15,0
DA:16,0
DA:21,0
DA:22,0
DA:32,0
DA:33,0
DA:45,0
DA:46,0
DA:47,0
DA:48,0
DA:49,0
DA:51,0
DA:53,0
DA:63,0
DA:64,0
DA:72,0
DA:73,0
DA:74,0
DA:75,0
DA:77,0
DA:84,0
DA:85,0
DA:92,0
DA:94,0
DA:99,0
DA:100,0
DA:101,0
DA:102,0
DA:103,0
DA:104,0
DA:113,0
DA:114,0
DA:115,0
DA:122,0
DA:123,0
DA:124,0
DA:125,0
DA:127,0
DA:135,0
DA:136,0
DA:137,0
DA:138,0
DA:140,0
LF:48
LH:0
BRDA:92,0,0,0
BRDA:92,0,1,0
BRDA:113,1,0,0
BRDA:113,1,1,0
BRDA:122,2,0,0
BRDA:122,2,1,0
BRDA:135,3,0,0
BRDA:135,3,1,0
BRF:8
BRH:0
end_of_record
TN:
SF:src\common\decorators\auth.decorator.ts
FN:6,(anonymous_0)
FN:10,(anonymous_1)
FN:18,(anonymous_2)
FNF:3
FNH:0
FNDA:0,(anonymous_0)
FNDA:0,(anonymous_1)
FNDA:0,(anonymous_2)
DA:1,0
DA:2,0
DA:5,0
DA:6,0
DA:9,0
DA:11,0
DA:12,0
DA:17,0
DA:19,0
DA:20,0
LF:10
LH:0
BRDA:21,0,0,0
BRDA:21,0,1,0
BRDA:21,0,2,0
BRF:3
BRH:0
end_of_record
TN:
SF:src\common\filters\http-exception.filter.ts
FN:12,(anonymous_1)
FN:15,(anonymous_2)
FN:43,(anonymous_3)
FNF:3
FNH:0
FNDA:0,(anonymous_1)
FNDA:0,(anonymous_2)
FNDA:0,(anonymous_3)
DA:1,0
DA:12,0
DA:13,0
DA:16,0
DA:17,0
DA:18,0
DA:21,0
DA:25,0
DA:26,0
DA:29,0
DA:30,0
DA:31,0
DA:32,0
DA:34,0
DA:35,0
DA:36,0
DA:39,0
DA:40,0
DA:41,0
DA:42,0
DA:43,0
DA:44,0
DA:45,0
DA:52,0
DA:53,0
DA:59,0
LF:26
LH:0
BRDA:21,0,0,0
BRDA:21,0,1,0
BRDA:29,1,0,0
BRDA:31,2,0,0
BRDA:31,2,1,0
BRDA:34,3,0,0
BRDA:34,3,1,0
BRDA:35,4,0,0
BRDA:35,4,1,0
BRDA:39,5,0,0
BRDA:52,6,0,0
BRDA:55,7,0,0
BRDA:55,7,1,0
BRDA:63,8,0,0
BRDA:63,8,1,0
BRF:15
BRH:0
end_of_record
TN:
SF:src\common\interceptors\transform.interceptor.ts
FN:12,(anonymous_1)
FN:14,(anonymous_2)
FNF:2
FNH:0
FNDA:0,(anonymous_1)
FNDA:0,(anonymous_2)
DA:1,0
DA:3,0
DA:11,0
DA:13,0
DA:16,0
DA:17,0
LF:6
LH:0
BRDA:16,0,0,0
BRDA:16,1,0,0
BRDA:16,1,1,0
BRDA:16,1,2,0
BRF:4
BRH:0
end_of_record
TN:
SF:src\config\env.validation.ts
FN:4,(anonymous_2)
FN:19,validate
FNF:2
FNH:0
FNDA:0,(anonymous_2)
FNDA:0,validate
DA:1,0
DA:2,0
DA:4,0
DA:5,0
DA:6,0
DA:7,0
DA:11,0
DA:12,0
DA:13,0
DA:14,0
DA:15,0
DA:16,0
DA:19,0
DA:20,0
DA:23,0
DA:25,0
DA:26,0
DA:28,0
LF:18
LH:0
BRDA:4,0,0,0
BRDA:4,0,1,0
BRDA:25,1,0,0
BRF:3
BRH:0
end_of_record
TN:
SF:src\config\prisma.module.ts
FNF:0
FNH:0
DA:1,0
DA:2,0
DA:9,0
LF:3
LH:0
BRF:0
BRH:0
end_of_record
TN:
SF:src\config\prisma.service.ts
FN:8,(anonymous_2)
FN:18,(anonymous_3)
FN:23,(anonymous_4)
FN:31,(anonymous_5)
FN:33,(anonymous_6)
FN:34,(anonymous_7)
FNF:6
FNH:0
FNDA:0,(anonymous_2)
FNDA:0,(anonymous_3)
FNDA:0,(anonymous_4)
FNDA:0,(anonymous_5)
FNDA:0,(anonymous_6)
FNDA:0,(anonymous_7)
DA:1,1
DA:2,1
DA:5,1
DA:6,0
DA:9,0
DA:19,0
DA:20,0
DA:24,0
DA:25,0
DA:32,0
DA:33,0
DA:34,0
LF:12
LH:3
BRDA:32,0,0,0
BRF:1
BRH:0
end_of_record
TN:
SF:src\gestion\gestion.controller.ts
FN:17,(anonymous_4)
FN:21,(anonymous_5)
FN:27,(anonymous_6)
FN:34,(anonymous_7)
FN:44,(anonymous_8)
FN:58,(anonymous_9)
FN:72,(anonymous_10)
FN:81,(anonymous_11)
FNF:8
FNH:0
FNDA:0,(anonymous_4)
FNDA:0,(anonymous_5)
FNDA:0,(anonymous_6)
FNDA:0,(anonymous_7)
FNDA:0,(anonymous_8)
FNDA:0,(anonymous_9)
FNDA:0,(anonymous_10)
FNDA:0,(anonymous_11)
DA:1,0
DA:5,0
DA:6,0
DA:7,0
DA:8,0
DA:9,0
DA:16,0
DA:17,0
DA:21,0
DA:22,0
DA:27,0
DA:28,0
DA:34,0
DA:35,0
DA:44,0
DA:49,0
DA:58,0
DA:63,0
DA:72,0
DA:73,0
DA:81,0
DA:82,0
LF:22
LH:0
BRF:0
BRH:0
end_of_record
TN:
SF:src\gestion\gestion.module.ts
FNF:0
FNH:0
DA:1,0
DA:2,0
DA:3,0
DA:4,0
DA:5,0
DA:6,0
DA:13,0
LF:7
LH:0
BRF:0
BRH:0
end_of_record
TN:
SF:src\gestion\gestion.service.ts
FN:21,(anonymous_2)
FN:31,(anonymous_3)
FN:66,(anonymous_4)
FN:88,(anonymous_5)
FN:99,(anonymous_6)
FN:128,(anonymous_7)
FN:161,(anonymous_8)
FN:169,(anonymous_9)
FN:229,(anonymous_10)
FN:237,(anonymous_11)
FN:288,(anonymous_12)
FN:296,(anonymous_13)
FN:319,(anonymous_14)
FNF:13
FNH:0
FNDA:0,(anonymous_2)
FNDA:0,(anonymous_3)
FNDA:0,(anonymous_4)
FNDA:0,(anonymous_5)
FNDA:0,(anonymous_6)
FNDA:0,(anonymous_7)
FNDA:0,(anonymous_8)
FNDA:0,(anonymous_9)
FNDA:0,(anonymous_10)
FNDA:0,(anonymous_11)
FNDA:0,(anonymous_12)
FNDA:0,(anonymous_13)
FNDA:0,(anonymous_14)
DA:1,0
DA:8,0
DA:9,0
DA:10,0
DA:11,0
DA:12,0
DA:14,0
DA:18,0
DA:19,0
DA:22,0
DA:23,0
DA:24,0
DA:25,0
DA:26,0
DA:32,0
DA:33,0
DA:35,0
DA:36,0
DA:37,0
DA:38,0
DA:39,0
DA:40,0
DA:46,0
DA:61,0
DA:67,0
DA:84,0
DA:87,0
DA:88,0
DA:94,0
DA:100,0
DA:102,0
DA:103,0
DA:109,0
DA:110,0
DA:116,0
DA:122,0
DA:123,0
DA:129,0
DA:131,0
DA:132,0
DA:138,0
DA:139,0
DA:145,0
DA:154,0
DA:161,0
DA:163,0
DA:164,0
DA:170,0
DA:172,0
DA:173,0
DA:180,0
DA:181,0
DA:185,0
DA:186,0
DA:187,0
DA:190,0
DA:193,0
DA:194,0
DA:205,0
DA:208,0
DA:221,0
DA:229,0
DA:231,0
DA:232,0
DA:238,0
DA:240,0
DA:241,0
DA:247,0
DA:248,0
DA:252,0
DA:253,0
DA:254,0
DA:257,0
DA:267,0
DA:269,0
DA:280,0
DA:288,0
DA:290,0
DA:291,0
DA:297,0
DA:309,0
DA:310,0
DA:311,0
DA:314,0
DA:320,0
DA:324,0
DA:325,0
LF:87
LH:0
BRDA:32,0,0,0
BRDA:32,1,0,0
BRDA:36,2,0,0
BRDA:37,3,0,0
BRDA:38,4,0,0
BRDA:39,5,0,0
BRDA:39,6,0,0
BRDA:39,6,1,0
BRDA:41,7,0,0
BRDA:41,7,1,0
BRDA:42,8,0,0
BRDA:42,8,1,0
BRDA:84,9,0,0
BRDA:102,10,0,0
BRDA:109,11,0,0
BRDA:131,12,0,0
BRDA:138,13,0,0
BRDA:172,14,0,0
BRDA:181,15,0,0
BRDA:181,15,1,0
BRDA:240,16,0,0
BRDA:248,17,0,0
BRDA:248,17,1,0
BRDA:262,18,0,0
BRDA:262,18,1,0
BRDA:324,19,0,0
BRF:26
BRH:0
end_of_record
TN:
SF:src\gestion\dto\gestion.dto.ts
FN:6,(anonymous_2)
FN:14,(anonymous_3)
FN:35,(anonymous_4)
FN:42,(anonymous_5)
FNF:4
FNH:0
FNDA:0,(anonymous_2)
FNDA:0,(anonymous_3)
FNDA:0,(anonymous_4)
FNDA:0,(anonymous_5)
DA:1,0
DA:2,0
DA:3,0
DA:4,0
DA:6,0
DA:10,0
DA:14,0
DA:16,0
DA:21,0
DA:26,0
DA:31,0
DA:35,0
DA:38,0
DA:42,0
DA:46,0
DA:49,0
DA:56,0
DA:59,0
LF:18
LH:0
BRF:0
BRH:0
end_of_record
TN:
SF:src\jobs\jobs.module.ts
FN:14,(anonymous_4)
FN:26,(anonymous_5)
FN:46,(anonymous_6)
FN:69,(anonymous_7)
FN:84,(anonymous_8)
FN:100,(anonymous_9)
FN:110,(anonymous_10)
FN:123,(anonymous_11)
FN:125,(anonymous_12)
FN:125,(anonymous_13)
FN:126,(anonymous_14)
FN:126,(anonymous_15)
FN:145,(anonymous_16)
FN:150,(anonymous_17)
FN:161,(anonymous_18)
FN:170,(anonymous_19)
FN:179,(anonymous_20)
FN:188,(anonymous_21)
FN:197,(anonymous_22)
FN:204,(anonymous_23)
FNF:20
FNH:0
FNDA:0,(anonymous_4)
FNDA:0,(anonymous_5)
FNDA:0,(anonymous_6)
FNDA:0,(anonymous_7)
FNDA:0,(anonymous_8)
FNDA:0,(anonymous_9)
FNDA:0,(anonymous_10)
FNDA:0,(anonymous_11)
FNDA:0,(anonymous_12)
FNDA:0,(anonymous_13)
FNDA:0,(anonymous_14)
FNDA:0,(anonymous_15)
FNDA:0,(anonymous_16)
FNDA:0,(anonymous_17)
FNDA:0,(anonymous_18)
FNDA:0,(anonymous_19)
FNDA:0,(anonymous_20)
FNDA:0,(anonymous_21)
FNDA:0,(anonymous_22)
FNDA:0,(anonymous_23)
DA:1,0
DA:2,0
DA:3,0
DA:4,0
DA:5,0
DA:6,0
DA:11,0
DA:12,0
DA:15,0
DA:16,0
DA:17,0
DA:26,0
DA:27,0
DA:29,0
DA:32,0
DA:34,0
DA:35,0
DA:37,0
DA:46,0
DA:47,0
DA:50,0
DA:58,0
DA:61,0
DA:64,0
DA:67,0
DA:68,0
DA:69,0
DA:70,0
DA:75,0
DA:76,0
DA:84,0
DA:85,0
DA:88,0
DA:89,0
DA:90,0
DA:92,0
DA:100,0
DA:101,0
DA:104,0
DA:109,0
DA:110,0
DA:111,0
DA:115,0
DA:116,0
DA:118,0
DA:124,0
DA:125,0
DA:126,0
DA:129,0
DA:144,0
DA:146,0
DA:147,0
DA:151,0
DA:152,0
DA:153,0
DA:154,0
DA:161,0
DA:162,0
DA:163,0
DA:164,0
DA:170,0
DA:171,0
DA:172,0
DA:173,0
DA:179,0
DA:180,0
DA:181,0
DA:182,0
DA:188,0
DA:189,0
DA:190,0
DA:191,0
DA:197,0
DA:198,0
DA:204,0
DA:205,0
DA:216,0
LF:77
LH:0
BRDA:32,0,0,0
BRDA:32,0,1,0
BRDA:34,1,0,0
BRDA:58,2,0,0
BRDA:64,3,0,0
BRDA:64,3,1,0
BRDA:68,4,0,0
BRDA:88,5,0,0
BRDA:88,5,1,0
BRDA:89,6,0,0
BRDA:115,7,0,0
BRDA:130,8,0,0
BRDA:130,8,1,0
BRDA:133,9,0,0
BRDA:133,9,1,0
BRDA:134,10,0,0
BRDA:134,10,1,0
BRDA:153,11,0,0
BRDA:153,12,0,0
BRDA:153,12,1,0
BRF:20
BRH:0
end_of_record
TN:
SF:src\pagos\pagos.controller.ts
FN:12,(anonymous_4)
FN:26,(anonymous_5)
FN:44,(anonymous_6)
FN:55,(anonymous_7)
FNF:4
FNH:0
FNDA:0,(anonymous_4)
FNDA:0,(anonymous_5)
FNDA:0,(anonymous_6)
FNDA:0,(anonymous_7)
DA:1,0
DA:4,0
DA:5,0
DA:9,0
DA:10,0
DA:12,0
DA:26,0
DA:27,0
DA:28,0
DA:44,0
DA:49,0
DA:55,0
DA:60,0
LF:13
LH:0
BRF:0
BRH:0
end_of_record
TN:
SF:src\pagos\pagos.module.ts
FNF:0
FNH:0
DA:1,0
DA:2,0
DA:3,0
DA:4,0
DA:5,0
DA:12,0
LF:6
LH:0
BRF:0
BRH:0
end_of_record
TN:
SF:src\pagos\pagos.service.ts
FN:30,(anonymous_2)
FN:39,(anonymous_3)
FN:79,(anonymous_4)
FN:106,(anonymous_5)
FN:133,(anonymous_6)
FN:174,(anonymous_7)
FN:231,(anonymous_8)
FNF:7
FNH:5
FNDA:9,(anonymous_2)
FNDA:0,(anonymous_3)
FNDA:9,(anonymous_4)
FNDA:1,(anonymous_5)
FNDA:9,(anonymous_6)
FNDA:4,(anonymous_7)
FNDA:0,(anonymous_8)
DA:1,1
DA:4,1
DA:5,1
DA:6,1
DA:7,1
DA:9,1
DA:27,1
DA:28,9
DA:31,9
DA:32,9
DA:33,9
DA:34,9
DA:40,0
DA:45,0
DA:46,0
DA:47,0
DA:48,0
DA:55,0
DA:58,0
DA:63,0
DA:65,0
DA:73,0
DA:74,0
DA:80,9
DA:87,9
DA:89,9
DA:90,1
DA:91,1
DA:94,8
DA:111,1
DA:113,1
DA:117,1
DA:121,1
DA:141,9
DA:142,9
DA:143,9
DA:146,9
DA:151,9
DA:152,1
DA:153,1
DA:160,8
DA:161,8
DA:163,2
DA:164,2
DA:165,2
DA:168,0
DA:171,6
DA:172,6
DA:174,6
DA:176,4
DA:177,4
DA:189,0
DA:204,4
DA:205,3
DA:206,3
DA:211,3
DA:212,2
DA:214,1
DA:218,3
DA:219,3
DA:221,1
DA:228,6
DA:229,4
DA:231,0
DA:234,6
LF:65
LH:51
BRDA:45,0,0,0
BRDA:46,1,0,0
BRDA:47,2,0,0
BRDA:89,3,0,1
BRDA:89,4,0,9
BRDA:89,4,1,8
BRDA:89,4,2,8
BRDA:97,5,0,8
BRDA:97,5,1,0
BRDA:113,6,0,1
BRDA:113,6,1,0
BRDA:113,6,2,0
BRDA:117,7,0,1
BRDA:117,7,1,0
BRDA:124,8,0,1
BRDA:124,8,1,0
BRDA:124,9,0,1
BRDA:124,9,1,0
BRDA:124,9,2,0
BRDA:151,10,0,1
BRDA:161,11,0,2
BRDA:163,12,0,2
BRDA:163,13,0,2
BRDA:163,13,1,2
BRDA:176,14,0,4
BRDA:176,14,1,0
BRDA:204,15,0,3
BRDA:204,15,1,1
BRDA:205,16,0,2
BRDA:205,16,1,1
BRDA:211,17,0,2
BRDA:211,17,1,1
BRDA:228,18,0,4
BRDA:228,19,0,6
BRDA:228,19,1,5
BRF:35
BRH:24
end_of_record
TN:
SF:src\pagos\pluspagos.service.ts
FN:23,(anonymous_2)
FN:37,(anonymous_3)
FN:46,(anonymous_4)
FN:59,(anonymous_5)
FN:90,(anonymous_6)
FN:154,(anonymous_7)
FN:162,(anonymous_8)
FN:179,(anonymous_9)
FNF:8
FNH:0
FNDA:0,(anonymous_2)
FNDA:0,(anonymous_3)
FNDA:0,(anonymous_4)
FNDA:0,(anonymous_5)
FNDA:0,(anonymous_6)
FNDA:0,(anonymous_7)
FNDA:0,(anonymous_8)
FNDA:0,(anonymous_9)
DA:1,1
DA:2,1
DA:3,1
DA:16,1
DA:17,0
DA:23,0
DA:24,0
DA:25,0
DA:26,0
DA:28,0
DA:38,0
DA:47,0
DA:48,0
DA:49,0
DA:50,0
DA:51,0
DA:52,0
DA:60,0
DA:61,0
DA:62,0
DA:63,0
DA:64,0
DA:65,0
DA:66,0
DA:67,0
DA:69,0
DA:70,0
DA:72,0
DA:97,0
DA:98,0
DA:99,0
DA:102,0
DA:104,0
DA:105,0
DA:107,0
DA:108,0
DA:112,0
DA:113,0
DA:114,0
DA:117,0
DA:118,0
DA:119,0
DA:120,0
DA:126,0
DA:127,0
DA:130,0
DA:131,0
DA:133,0
DA:155,0
DA:163,0
DA:164,0
DA:173,0
DA:180,0
LF:53
LH:4
BRDA:47,0,0,0
BRDA:47,0,1,0
BRDA:61,1,0,0
BRDA:61,1,1,0
BRDA:69,2,0,0
BRDA:69,2,1,0
BRDA:112,3,0,0
BRDA:112,4,0,0
BRDA:112,4,1,0
BRDA:118,5,0,0
BRDA:175,6,0,0
BRDA:175,6,1,0
BRF:12
BRH:0
end_of_record
TN:
SF:src\solicitudes\solicitudes.controller.ts
FN:15,(anonymous_4)
FN:24,(anonymous_5)
FN:36,(anonymous_6)
FN:42,(anonymous_7)
FN:52,(anonymous_8)
FN:65,(anonymous_9)
FNF:6
FNH:0
FNDA:0,(anonymous_4)
FNDA:0,(anonymous_5)
FNDA:0,(anonymous_6)
FNDA:0,(anonymous_7)
FNDA:0,(anonymous_8)
FNDA:0,(anonymous_9)
DA:1,0
DA:5,0
DA:6,0
DA:7,0
DA:8,0
DA:9,0
DA:10,0
DA:14,0
DA:16,0
DA:17,0
DA:24,0
DA:25,0
DA:26,0
DA:36,0
DA:37,0
DA:42,0
DA:43,0
DA:52,0
DA:53,0
DA:65,0
DA:69,0
DA:70,0
LF:22
LH:0
BRF:0
BRH:0
end_of_record
TN:
SF:src\solicitudes\solicitudes.module.ts
FNF:0
FNH:0
DA:1,0
DA:2,0
DA:3,0
DA:4,0
DA:5,0
DA:13,0
LF:6
LH:0
BRF:0
BRH:0
end_of_record
TN:
SF:src\solicitudes\solicitudes.service.ts
FN:19,(anonymous_2)
FN:27,(anonymous_3)
FN:46,(anonymous_4)
FN:65,(anonymous_5)
FN:96,(anonymous_6)
FN:103,(anonymous_7)
FN:122,(anonymous_8)
FN:142,(anonymous_9)
FN:176,(anonymous_10)
FNF:9
FNH:0
FNDA:0,(anonymous_2)
FNDA:0,(anonymous_3)
FNDA:0,(anonymous_4)
FNDA:0,(anonymous_5)
FNDA:0,(anonymous_6)
FNDA:0,(anonymous_7)
FNDA:0,(anonymous_8)
FNDA:0,(anonymous_9)
FNDA:0,(anonymous_10)
DA:1,0
DA:9,0
DA:10,0
DA:11,0
DA:16,0
DA:17,0
DA:20,0
DA:21,0
DA:22,0
DA:29,0
DA:32,0
DA:33,0
DA:37,0
DA:38,0
DA:41,0
DA:42,0
DA:46,0
DA:47,0
DA:48,0
DA:53,0
DA:56,0
DA:59,0
DA:60,0
DA:61,0
DA:62,0
DA:65,0
DA:66,0
DA:81,0
DA:82,0
DA:88,0
DA:91,0
DA:94,0
DA:96,0
DA:98,0
DA:104,0
DA:106,0
DA:117,0
DA:123,0
DA:132,0
DA:133,0
DA:136,0
DA:137,0
DA:143,0
DA:144,0
DA:147,0
DA:151,0
DA:170,0
DA:171,0
DA:177,0
DA:182,0
DA:183,0
DA:184,0
DA:185,0
DA:188,0
LF:54
LH:0
BRDA:32,0,0,0
BRDA:37,1,0,0
BRDA:41,2,0,0
BRDA:47,3,0,0
BRDA:60,4,0,0
BRDA:60,4,1,0
BRDA:81,5,0,0
BRDA:103,6,0,0
BRDA:103,7,0,0
BRDA:132,8,0,0
BRDA:133,9,0,0
BRDA:143,10,0,0
BRDA:143,11,0,0
BRDA:143,11,1,0
BRDA:147,12,0,0
BRDA:147,12,1,0
BRDA:170,13,0,0
BRDA:182,14,0,0
BRDA:183,15,0,0
BRDA:184,16,0,0
BRF:20
BRH:0
end_of_record
TN:
SF:src\solicitudes\dto\solicitudes.dto.ts
FN:49,(anonymous_2)
FN:52,(anonymous_3)
FN:59,(anonymous_4)
FNF:3
FNH:0
FNDA:0,(anonymous_2)
FNDA:0,(anonymous_3)
FNDA:0,(anonymous_4)
DA:2,0
DA:3,0
DA:4,0
DA:6,0
DA:10,0
DA:14,0
DA:18,0
DA:23,0
DA:28,0
DA:34,0
DA:37,0
DA:41,0
DA:46,0
DA:49,0
DA:52,0
DA:55,0
DA:59,0
DA:63,0
LF:18
LH:0
BRF:0
BRH:0
end_of_record
TN:
SF:src\usuarios\usuarios.module.ts
FN:66,(anonymous_4)
FN:83,(anonymous_5)
FN:91,(anonymous_6)
FN:118,(anonymous_7)
FN:137,(anonymous_8)
FN:151,(anonymous_9)
FN:183,(anonymous_10)
FN:187,(anonymous_11)
FN:193,(anonymous_12)
FN:199,(anonymous_13)
FN:210,(anonymous_14)
FN:221,(anonymous_15)
FN:228,(anonymous_16)
FNF:13
FNH:0
FNDA:0,(anonymous_4)
FNDA:0,(anonymous_5)
FNDA:0,(anonymous_6)
FNDA:0,(anonymous_7)
FNDA:0,(anonymous_8)
FNDA:0,(anonymous_9)
FNDA:0,(anonymous_10)
FNDA:0,(anonymous_11)
FNDA:0,(anonymous_12)
FNDA:0,(anonymous_13)
FNDA:0,(anonymous_14)
FNDA:0,(anonymous_15)
FNDA:0,(anonymous_16)
DA:1,0
DA:7,0
DA:8,0
DA:9,0
DA:10,0
DA:11,0
DA:12,0
DA:13,0
DA:14,0
DA:21,0
DA:25,0
DA:30,0
DA:34,0
DA:41,0
DA:46,0
DA:50,0
DA:57,0
DA:63,0
DA:64,0
DA:66,0
DA:68,0
DA:84,0
DA:92,0
DA:95,0
DA:96,0
DA:102,0
DA:103,0
DA:114,0
DA:115,0
DA:119,0
DA:120,0
DA:123,0
DA:124,0
DA:127,0
DA:133,0
DA:134,0
DA:138,0
DA:139,0
DA:141,0
DA:142,0
DA:147,0
DA:148,0
DA:152,0
DA:153,0
DA:155,0
DA:156,0
DA:160,0
DA:170,0
DA:171,0
DA:182,0
DA:183,0
DA:187,0
DA:188,0
DA:193,0
DA:194,0
DA:199,0
DA:204,0
DA:210,0
DA:215,0
DA:221,0
DA:222,0
DA:228,0
DA:229,0
DA:239,0
LF:64
LH:0
BRDA:83,0,0,0
BRDA:85,1,0,0
BRDA:85,1,1,0
BRDA:95,2,0,0
BRDA:120,3,0,0
BRDA:123,4,0,0
BRDA:123,5,0,0
BRDA:123,5,1,0
BRDA:139,6,0,0
BRDA:153,7,0,0
BRDA:155,8,0,0
BRF:11
BRH:0
end_of_record
